[2024-04-15T00:59:53.363+0000] {taskinstance.py:1979} INFO - Dependencies all met for dep_context=non-requeueable deps ti=<TaskInstance: billboard_to_spotify_to_s3_extractionV1.top_10_billboard_artist scheduled__2024-04-14T00:00:00+00:00 [queued]>
[2024-04-15T00:59:53.372+0000] {taskinstance.py:1979} INFO - Dependencies all met for dep_context=requeueable deps ti=<TaskInstance: billboard_to_spotify_to_s3_extractionV1.top_10_billboard_artist scheduled__2024-04-14T00:00:00+00:00 [queued]>
[2024-04-15T00:59:53.373+0000] {taskinstance.py:2193} INFO - Starting attempt 5 of 6
[2024-04-15T00:59:53.387+0000] {taskinstance.py:2217} INFO - Executing <Task(PythonOperator): top_10_billboard_artist> on 2024-04-14 00:00:00+00:00
[2024-04-15T00:59:53.395+0000] {standard_task_runner.py:60} INFO - Started process 16339 to run task
[2024-04-15T00:59:53.398+0000] {standard_task_runner.py:87} INFO - Running: ['***', 'tasks', 'run', 'billboard_to_spotify_to_s3_extractionV1', 'top_10_billboard_artist', 'scheduled__2024-04-14T00:00:00+00:00', '--job-id', '1682', '--raw', '--subdir', 'DAGS_FOLDER/billboard_to_spotify_to_csvs_to_s3.py', '--cfg-path', '/tmp/tmppataqf9x']
[2024-04-15T00:59:53.401+0000] {standard_task_runner.py:88} INFO - Job 1682: Subtask top_10_billboard_artist
[2024-04-15T00:59:53.447+0000] {task_command.py:423} INFO - Running <TaskInstance: billboard_to_spotify_to_s3_extractionV1.top_10_billboard_artist scheduled__2024-04-14T00:00:00+00:00 [running]> on host 66d8d046c9ac
[2024-04-15T00:59:53.529+0000] {taskinstance.py:2513} INFO - Exporting env vars: AIRFLOW_CTX_DAG_OWNER='Nathaniel Solomon' AIRFLOW_CTX_DAG_ID='billboard_to_spotify_to_s3_extractionV1' AIRFLOW_CTX_TASK_ID='top_10_billboard_artist' AIRFLOW_CTX_EXECUTION_DATE='2024-04-14T00:00:00+00:00' AIRFLOW_CTX_TRY_NUMBER='5' AIRFLOW_CTX_DAG_RUN_ID='scheduled__2024-04-14T00:00:00+00:00'
[2024-04-15T00:59:53.531+0000] {logging_mixin.py:188} INFO - getting top artist
[2024-04-15T01:00:01.540+0000] {taskinstance.py:2731} ERROR - Task failed with exception
Traceback (most recent call last):
  File "/home/airflow/.local/lib/python3.8/site-packages/urllib3/connection.py", line 174, in _new_conn
    conn = connection.create_connection(
  File "/home/airflow/.local/lib/python3.8/site-packages/urllib3/util/connection.py", line 72, in create_connection
    for res in socket.getaddrinfo(host, port, family, socket.SOCK_STREAM):
  File "/usr/local/lib/python3.8/socket.py", line 918, in getaddrinfo
    for res in _socket.getaddrinfo(host, port, family, type, proto, flags):
socket.gaierror: [Errno -3] Temporary failure in name resolution

During handling of the above exception, another exception occurred:

Traceback (most recent call last):
  File "/home/airflow/.local/lib/python3.8/site-packages/urllib3/connectionpool.py", line 715, in urlopen
    httplib_response = self._make_request(
  File "/home/airflow/.local/lib/python3.8/site-packages/urllib3/connectionpool.py", line 404, in _make_request
    self._validate_conn(conn)
  File "/home/airflow/.local/lib/python3.8/site-packages/urllib3/connectionpool.py", line 1058, in _validate_conn
    conn.connect()
  File "/home/airflow/.local/lib/python3.8/site-packages/urllib3/connection.py", line 363, in connect
    self.sock = conn = self._new_conn()
  File "/home/airflow/.local/lib/python3.8/site-packages/urllib3/connection.py", line 186, in _new_conn
    raise NewConnectionError(
urllib3.exceptions.NewConnectionError: <urllib3.connection.HTTPSConnection object at 0x7f11d0830520>: Failed to establish a new connection: [Errno -3] Temporary failure in name resolution

During handling of the above exception, another exception occurred:

Traceback (most recent call last):
  File "/home/airflow/.local/lib/python3.8/site-packages/requests/adapters.py", line 486, in send
    resp = conn.urlopen(
  File "/home/airflow/.local/lib/python3.8/site-packages/urllib3/connectionpool.py", line 799, in urlopen
    retries = retries.increment(
  File "/home/airflow/.local/lib/python3.8/site-packages/urllib3/util/retry.py", line 592, in increment
    raise MaxRetryError(_pool, url, error or ResponseError(cause))
urllib3.exceptions.MaxRetryError: HTTPSConnectionPool(host='www.billboard.com', port=443): Max retries exceeded with url: /charts/artist-100/ (Caused by NewConnectionError('<urllib3.connection.HTTPSConnection object at 0x7f11d0830520>: Failed to establish a new connection: [Errno -3] Temporary failure in name resolution'))

During handling of the above exception, another exception occurred:

Traceback (most recent call last):
  File "/home/airflow/.local/lib/python3.8/site-packages/airflow/models/taskinstance.py", line 444, in _execute_task
    result = _execute_callable(context=context, **execute_callable_kwargs)
  File "/home/airflow/.local/lib/python3.8/site-packages/airflow/models/taskinstance.py", line 414, in _execute_callable
    return execute_callable(context=context, **execute_callable_kwargs)
  File "/home/airflow/.local/lib/python3.8/site-packages/airflow/operators/python.py", line 200, in execute
    return_value = self.execute_callable()
  File "/home/airflow/.local/lib/python3.8/site-packages/airflow/operators/python.py", line 217, in execute_callable
    return self.python_callable(*self.op_args, **self.op_kwargs)
  File "/opt/airflow/dags/billboard_to_spotify_to_csvs_to_s3.py", line 72, in get_top_artist
    html_content = page_content('https://www.billboard.com/charts/artist-100/')
  File "/opt/airflow/dags/billboard_to_spotify_to_csvs_to_s3.py", line 64, in page_content
    r = requests.get(url)
  File "/home/airflow/.local/lib/python3.8/site-packages/requests/api.py", line 73, in get
    return request("get", url, params=params, **kwargs)
  File "/home/airflow/.local/lib/python3.8/site-packages/requests/api.py", line 59, in request
    return session.request(method=method, url=url, **kwargs)
  File "/home/airflow/.local/lib/python3.8/site-packages/requests/sessions.py", line 589, in request
    resp = self.send(prep, **send_kwargs)
  File "/home/airflow/.local/lib/python3.8/site-packages/requests/sessions.py", line 703, in send
    r = adapter.send(request, **kwargs)
  File "/home/airflow/.local/lib/python3.8/site-packages/requests/adapters.py", line 519, in send
    raise ConnectionError(e, request=request)
requests.exceptions.ConnectionError: HTTPSConnectionPool(host='www.billboard.com', port=443): Max retries exceeded with url: /charts/artist-100/ (Caused by NewConnectionError('<urllib3.connection.HTTPSConnection object at 0x7f11d0830520>: Failed to establish a new connection: [Errno -3] Temporary failure in name resolution'))
[2024-04-15T01:00:01.555+0000] {taskinstance.py:1149} INFO - Marking task as UP_FOR_RETRY. dag_id=billboard_to_spotify_to_s3_extractionV1, task_id=top_10_billboard_artist, execution_date=20240414T000000, start_date=20240415T005953, end_date=20240415T010001
[2024-04-15T01:00:01.575+0000] {standard_task_runner.py:107} ERROR - Failed to execute job 1682 for task top_10_billboard_artist (HTTPSConnectionPool(host='www.billboard.com', port=443): Max retries exceeded with url: /charts/artist-100/ (Caused by NewConnectionError('<urllib3.connection.HTTPSConnection object at 0x7f11d0830520>: Failed to establish a new connection: [Errno -3] Temporary failure in name resolution')); 16339)
[2024-04-15T01:00:01.624+0000] {local_task_job_runner.py:234} INFO - Task exited with return code 1
[2024-04-15T01:00:01.649+0000] {taskinstance.py:3312} INFO - 0 downstream tasks scheduled from follow-on schedule check
