[2024-04-03T01:20:22.020+0000] {taskinstance.py:1979} INFO - Dependencies all met for dep_context=non-requeueable deps ti=<TaskInstance: billboard_to_spotify_to_s3_extractionV1.sptoify_to_csv scheduled__2024-04-02T00:00:00+00:00 [queued]>
[2024-04-03T01:20:22.034+0000] {taskinstance.py:1979} INFO - Dependencies all met for dep_context=requeueable deps ti=<TaskInstance: billboard_to_spotify_to_s3_extractionV1.sptoify_to_csv scheduled__2024-04-02T00:00:00+00:00 [queued]>
[2024-04-03T01:20:22.035+0000] {taskinstance.py:2193} INFO - Starting attempt 4 of 6
[2024-04-03T01:20:22.054+0000] {taskinstance.py:2217} INFO - Executing <Task(PythonOperator): sptoify_to_csv> on 2024-04-02 00:00:00+00:00
[2024-04-03T01:20:22.065+0000] {standard_task_runner.py:60} INFO - Started process 32209 to run task
[2024-04-03T01:20:22.073+0000] {standard_task_runner.py:87} INFO - Running: ['***', 'tasks', 'run', 'billboard_to_spotify_to_s3_extractionV1', 'sptoify_to_csv', 'scheduled__2024-04-02T00:00:00+00:00', '--job-id', '1539', '--raw', '--subdir', 'DAGS_FOLDER/billboard_to_spotify_to_csvs_to_s3.py', '--cfg-path', '/tmp/tmp1rat3f47']
[2024-04-03T01:20:22.084+0000] {standard_task_runner.py:88} INFO - Job 1539: Subtask sptoify_to_csv
[2024-04-03T01:20:22.163+0000] {task_command.py:423} INFO - Running <TaskInstance: billboard_to_spotify_to_s3_extractionV1.sptoify_to_csv scheduled__2024-04-02T00:00:00+00:00 [running]> on host bdb7303f046f
[2024-04-03T01:20:22.290+0000] {taskinstance.py:2513} INFO - Exporting env vars: AIRFLOW_CTX_DAG_OWNER='Nathaniel Solomon' AIRFLOW_CTX_DAG_ID='billboard_to_spotify_to_s3_extractionV1' AIRFLOW_CTX_TASK_ID='sptoify_to_csv' AIRFLOW_CTX_EXECUTION_DATE='2024-04-02T00:00:00+00:00' AIRFLOW_CTX_TRY_NUMBER='4' AIRFLOW_CTX_DAG_RUN_ID='scheduled__2024-04-02T00:00:00+00:00'
[2024-04-03T01:20:22.308+0000] {logging_mixin.py:188} INFO - GOT THE TOP ARTISTS DAT FROM XCOM
[2024-04-03T01:20:22.309+0000] {logging_mixin.py:188} INFO - GETTING ARTISTS BIO DATA
[2024-04-03T01:20:23.319+0000] {logging_mixin.py:188} INFO - GETTING ARTISTS ALBUMS DATA
[2024-04-03T01:20:23.664+0000] {logging_mixin.py:188} INFO - Taylor Swift has appeared on a total of 385 albums
[2024-04-03T01:20:23.665+0000] {logging_mixin.py:188} INFO -  Now stagging the albums ...
[2024-04-03T01:20:29.013+0000] {logging_mixin.py:188} INFO -  Taylor Swift albums stagged ... 
[2024-04-03T01:20:29.015+0000] {logging_mixin.py:188} INFO -  transforming Taylor Swift albums data ... 
[2024-04-03T01:20:29.015+0000] {logging_mixin.py:188} INFO - GETTING ALBUMS TRACKS DATA
[2024-04-03T01:20:29.253+0000] {logging_mixin.py:188} INFO -  Now stagging the tracks ...
[2024-04-03T01:20:29.254+0000] {logging_mixin.py:188} INFO -  1989 (Taylor's Version) [Deluxe] tracks stagged ... 
[2024-04-03T01:20:29.255+0000] {logging_mixin.py:188} INFO -  transforming 1989 (Taylor's Version) [Deluxe] tracks data ... 
[2024-04-03T01:20:31.828+0000] {logging_mixin.py:188} INFO - GETTING ALBUMS TRACKS DATA
[2024-04-03T01:20:32.166+0000] {logging_mixin.py:188} INFO -  Now stagging the tracks ...
[2024-04-03T01:20:32.175+0000] {logging_mixin.py:188} INFO -  1989 (Taylor's Version) tracks stagged ... 
[2024-04-03T01:20:32.191+0000] {logging_mixin.py:188} INFO -  transforming 1989 (Taylor's Version) tracks data ... 
[2024-04-03T01:20:35.091+0000] {logging_mixin.py:188} INFO - GETTING ALBUMS TRACKS DATA
[2024-04-03T01:20:35.576+0000] {logging_mixin.py:188} INFO -  Now stagging the tracks ...
[2024-04-03T01:20:35.595+0000] {logging_mixin.py:188} INFO -  Speak Now (Taylor's Version) tracks stagged ... 
[2024-04-03T01:20:35.615+0000] {logging_mixin.py:188} INFO -  transforming Speak Now (Taylor's Version) tracks data ... 
[2024-04-03T01:20:38.326+0000] {logging_mixin.py:188} INFO - GETTING ALBUMS TRACKS DATA
[2024-04-03T01:20:38.694+0000] {logging_mixin.py:188} INFO -  Now stagging the tracks ...
[2024-04-03T01:20:38.704+0000] {logging_mixin.py:188} INFO -  Midnights (The Til Dawn Edition) tracks stagged ... 
[2024-04-03T01:20:38.716+0000] {logging_mixin.py:188} INFO -  transforming Midnights (The Til Dawn Edition) tracks data ... 
[2024-04-03T01:20:41.342+0000] {logging_mixin.py:188} INFO - GETTING ALBUMS TRACKS DATA
[2024-04-03T01:20:41.691+0000] {logging_mixin.py:188} INFO -  Now stagging the tracks ...
[2024-04-03T01:20:41.700+0000] {logging_mixin.py:188} INFO -  Midnights (3am Edition) tracks stagged ... 
[2024-04-03T01:20:41.712+0000] {logging_mixin.py:188} INFO -  transforming Midnights (3am Edition) tracks data ... 
[2024-04-03T01:20:44.364+0000] {logging_mixin.py:188} INFO - GETTING ALBUMS TRACKS DATA
[2024-04-03T01:20:44.667+0000] {logging_mixin.py:188} INFO -  Now stagging the tracks ...
[2024-04-03T01:20:44.679+0000] {logging_mixin.py:188} INFO -  Midnights tracks stagged ... 
[2024-04-03T01:20:44.690+0000] {logging_mixin.py:188} INFO -  transforming Midnights tracks data ... 
[2024-04-03T01:20:49.271+0000] {logging_mixin.py:188} INFO - GETTING ALBUMS TRACKS DATA
[2024-04-03T01:20:49.731+0000] {logging_mixin.py:188} INFO -  Now stagging the tracks ...
[2024-04-03T01:20:49.745+0000] {logging_mixin.py:188} INFO -  Red (Taylor's Version) tracks stagged ... 
[2024-04-03T01:20:49.759+0000] {logging_mixin.py:188} INFO -  transforming Red (Taylor's Version) tracks data ... 
[2024-04-03T01:20:52.516+0000] {logging_mixin.py:188} INFO - GETTING ALBUMS TRACKS DATA
[2024-04-03T01:20:52.914+0000] {logging_mixin.py:188} INFO -  Now stagging the tracks ...
[2024-04-03T01:20:52.921+0000] {logging_mixin.py:188} INFO -  Fearless (Taylor's Version) tracks stagged ... 
[2024-04-03T01:20:52.929+0000] {logging_mixin.py:188} INFO -  transforming Fearless (Taylor's Version) tracks data ... 
[2024-04-03T01:20:55.529+0000] {logging_mixin.py:188} INFO - GETTING ALBUMS TRACKS DATA
[2024-04-03T01:20:55.813+0000] {logging_mixin.py:188} INFO -  Now stagging the tracks ...
[2024-04-03T01:20:55.828+0000] {logging_mixin.py:188} INFO -  evermore (deluxe version) tracks stagged ... 
[2024-04-03T01:20:55.839+0000] {logging_mixin.py:188} INFO -  transforming evermore (deluxe version) tracks data ... 
[2024-04-03T01:20:58.271+0000] {logging_mixin.py:188} INFO - GETTING ALBUMS TRACKS DATA
[2024-04-03T01:20:58.595+0000] {logging_mixin.py:188} INFO -  Now stagging the tracks ...
[2024-04-03T01:20:58.605+0000] {logging_mixin.py:188} INFO -  evermore tracks stagged ... 
[2024-04-03T01:20:58.614+0000] {logging_mixin.py:188} INFO -  transforming evermore tracks data ... 
[2024-04-03T01:21:01.031+0000] {logging_mixin.py:188} INFO - DONE WITH Taylor Swift NOW MOVING TO NEXT ARTIST
[2024-04-03T01:21:01.311+0000] {logging_mixin.py:188} INFO - GETTING ARTISTS ALBUMS DATA
[2024-04-03T01:21:01.751+0000] {logging_mixin.py:188} INFO - Future has appeared on a total of 1212 albums
[2024-04-03T01:21:01.775+0000] {logging_mixin.py:188} INFO -  Now stagging the albums ...
[2024-04-03T01:36:46.629+0000] {logging_mixin.py:188} INFO -  Future albums stagged ... 
[2024-04-03T01:36:46.638+0000] {logging_mixin.py:188} INFO -  transforming Future albums data ... 
[2024-04-03T01:36:46.641+0000] {logging_mixin.py:188} INFO - GETTING ALBUMS TRACKS DATA
[2024-04-03T01:36:46.881+0000] {logging_mixin.py:188} INFO -  Now stagging the tracks ...
[2024-04-03T01:36:46.882+0000] {logging_mixin.py:188} INFO -  WE DON'T TRUST YOU tracks stagged ... 
[2024-04-03T01:36:46.882+0000] {logging_mixin.py:188} INFO -  transforming WE DON'T TRUST YOU tracks data ... 
[2024-04-03T01:36:48.580+0000] {logging_mixin.py:188} INFO - GETTING ALBUMS TRACKS DATA
[2024-04-03T01:36:48.806+0000] {logging_mixin.py:188} INFO -  Now stagging the tracks ...
[2024-04-03T01:36:48.807+0000] {logging_mixin.py:188} INFO -  I NEVER LIKED YOU tracks stagged ... 
[2024-04-03T01:36:48.808+0000] {logging_mixin.py:188} INFO -  transforming I NEVER LIKED YOU tracks data ... 
[2024-04-03T01:36:50.524+0000] {logging_mixin.py:188} INFO - GETTING ALBUMS TRACKS DATA
[2024-04-03T01:36:50.740+0000] {logging_mixin.py:188} INFO -  Now stagging the tracks ...
[2024-04-03T01:36:50.741+0000] {logging_mixin.py:188} INFO -  I NEVER LIKED YOU (Instrumental) tracks stagged ... 
[2024-04-03T01:36:50.742+0000] {logging_mixin.py:188} INFO -  transforming I NEVER LIKED YOU (Instrumental) tracks data ... 
[2024-04-03T01:36:52.522+0000] {logging_mixin.py:188} INFO - GETTING ALBUMS TRACKS DATA
[2024-04-03T01:36:52.774+0000] {logging_mixin.py:188} INFO -  Now stagging the tracks ...
[2024-04-03T01:36:52.775+0000] {logging_mixin.py:188} INFO -  Pluto x Baby Pluto (Deluxe) tracks stagged ... 
[2024-04-03T01:36:52.775+0000] {logging_mixin.py:188} INFO -  transforming Pluto x Baby Pluto (Deluxe) tracks data ... 
[2024-04-03T01:36:55.835+0000] {logging_mixin.py:188} INFO - GETTING ALBUMS TRACKS DATA
[2024-04-03T01:36:56.161+0000] {logging_mixin.py:188} INFO -  Now stagging the tracks ...
[2024-04-03T01:36:56.162+0000] {logging_mixin.py:188} INFO -  Pluto x Baby Pluto tracks stagged ... 
[2024-04-03T01:36:56.163+0000] {logging_mixin.py:188} INFO -  transforming Pluto x Baby Pluto tracks data ... 
[2024-04-03T01:36:57.885+0000] {logging_mixin.py:188} INFO - GETTING ALBUMS TRACKS DATA
[2024-04-03T01:36:58.111+0000] {logging_mixin.py:188} INFO -  Now stagging the tracks ...
[2024-04-03T01:36:58.112+0000] {logging_mixin.py:188} INFO -  High Off Life tracks stagged ... 
[2024-04-03T01:36:58.113+0000] {logging_mixin.py:188} INFO -  transforming High Off Life tracks data ... 
[2024-04-03T01:36:59.867+0000] {logging_mixin.py:188} INFO - GETTING ALBUMS TRACKS DATA
[2024-04-03T01:37:00.058+0000] {logging_mixin.py:188} INFO -  Now stagging the tracks ...
[2024-04-03T01:37:00.059+0000] {logging_mixin.py:188} INFO -  SAVE ME tracks stagged ... 
[2024-04-03T01:37:00.060+0000] {logging_mixin.py:188} INFO -  transforming SAVE ME tracks data ... 
[2024-04-03T01:37:01.260+0000] {logging_mixin.py:188} INFO - GETTING ALBUMS TRACKS DATA
[2024-04-03T01:37:01.491+0000] {logging_mixin.py:188} INFO -  Now stagging the tracks ...
[2024-04-03T01:37:01.492+0000] {logging_mixin.py:188} INFO -  Future Hndrxx Presents: The WIZRD tracks stagged ... 
[2024-04-03T01:37:01.492+0000] {logging_mixin.py:188} INFO -  transforming Future Hndrxx Presents: The WIZRD tracks data ... 
[2024-04-03T01:37:03.287+0000] {logging_mixin.py:188} INFO - GETTING ALBUMS TRACKS DATA
[2024-04-03T01:37:03.498+0000] {logging_mixin.py:188} INFO -  Now stagging the tracks ...
[2024-04-03T01:37:03.499+0000] {logging_mixin.py:188} INFO -  Future & Juice WRLD Present... WRLD ON DRUGS tracks stagged ... 
[2024-04-03T01:37:03.500+0000] {logging_mixin.py:188} INFO -  transforming Future & Juice WRLD Present... WRLD ON DRUGS tracks data ... 
[2024-04-03T01:37:05.236+0000] {logging_mixin.py:188} INFO - GETTING ALBUMS TRACKS DATA
[2024-04-03T01:37:05.442+0000] {logging_mixin.py:188} INFO -  Now stagging the tracks ...
[2024-04-03T01:37:05.447+0000] {logging_mixin.py:188} INFO -  BEASTMODE 2 tracks stagged ... 
[2024-04-03T01:37:05.448+0000] {logging_mixin.py:188} INFO -  transforming BEASTMODE 2 tracks data ... 
[2024-04-03T01:37:07.172+0000] {logging_mixin.py:188} INFO - DONE WITH Future NOW MOVING TO NEXT ARTIST
[2024-04-03T01:37:07.378+0000] {logging_mixin.py:188} INFO - GETTING ARTISTS ALBUMS DATA
[2024-04-03T01:37:07.728+0000] {logging_mixin.py:188} INFO - Metro Boomin has appeared on a total of 181 albums
[2024-04-03T01:37:07.762+0000] {logging_mixin.py:188} INFO -  Now stagging the albums ...
[2024-04-03T01:37:10.584+0000] {logging_mixin.py:188} INFO -  Metro Boomin albums stagged ... 
[2024-04-03T01:37:10.585+0000] {logging_mixin.py:188} INFO -  transforming Metro Boomin albums data ... 
[2024-04-03T01:37:10.586+0000] {logging_mixin.py:188} INFO - GETTING ALBUMS TRACKS DATA
[2024-04-03T01:37:10.813+0000] {logging_mixin.py:188} INFO -  Now stagging the tracks ...
[2024-04-03T01:37:10.814+0000] {logging_mixin.py:188} INFO -  WE DON'T TRUST YOU tracks stagged ... 
[2024-04-03T01:37:10.815+0000] {logging_mixin.py:188} INFO -  transforming WE DON'T TRUST YOU tracks data ... 
[2024-04-03T01:37:12.560+0000] {logging_mixin.py:188} INFO - GETTING ALBUMS TRACKS DATA
[2024-04-03T01:37:12.809+0000] {logging_mixin.py:188} INFO -  Now stagging the tracks ...
[2024-04-03T01:37:12.810+0000] {logging_mixin.py:188} INFO -  METRO BOOMIN PRESENTS SPIDER-MAN: ACROSS THE SPIDER-VERSE [SOUNDTRACK FROM AND INSPIRED BY THE MOTION PICTURE (METROVERSE INSTRUMENTAL EDITION)] tracks stagged ... 
[2024-04-03T01:37:12.810+0000] {logging_mixin.py:188} INFO -  transforming METRO BOOMIN PRESENTS SPIDER-MAN: ACROSS THE SPIDER-VERSE [SOUNDTRACK FROM AND INSPIRED BY THE MOTION PICTURE (METROVERSE INSTRUMENTAL EDITION)] tracks data ... 
[2024-04-03T01:37:14.552+0000] {logging_mixin.py:188} INFO - GETTING ALBUMS TRACKS DATA
[2024-04-03T01:37:14.769+0000] {logging_mixin.py:188} INFO -  Now stagging the tracks ...
[2024-04-03T01:37:14.770+0000] {logging_mixin.py:188} INFO -  METRO BOOMIN PRESENTS SPIDER-MAN: ACROSS THE SPIDER-VERSE (SOUNDTRACK FROM AND INSPIRED BY THE MOTION PICTURE / DELUXE EDITION) tracks stagged ... 
[2024-04-03T01:37:14.771+0000] {logging_mixin.py:188} INFO -  transforming METRO BOOMIN PRESENTS SPIDER-MAN: ACROSS THE SPIDER-VERSE (SOUNDTRACK FROM AND INSPIRED BY THE MOTION PICTURE / DELUXE EDITION) tracks data ... 
[2024-04-03T01:37:16.559+0000] {logging_mixin.py:188} INFO - GETTING ALBUMS TRACKS DATA
[2024-04-03T01:37:16.780+0000] {logging_mixin.py:188} INFO -  Now stagging the tracks ...
[2024-04-03T01:37:16.781+0000] {logging_mixin.py:188} INFO -  METRO BOOMIN PRESENTS SPIDER-MAN: ACROSS THE SPIDER-VERSE (SOUNDTRACK FROM AND INSPIRED BY THE MOTION PICTURE) tracks stagged ... 
[2024-04-03T01:37:16.781+0000] {logging_mixin.py:188} INFO -  transforming METRO BOOMIN PRESENTS SPIDER-MAN: ACROSS THE SPIDER-VERSE (SOUNDTRACK FROM AND INSPIRED BY THE MOTION PICTURE) tracks data ... 
[2024-04-03T01:37:18.525+0000] {logging_mixin.py:188} INFO - GETTING ALBUMS TRACKS DATA
[2024-04-03T01:37:18.844+0000] {logging_mixin.py:188} INFO -  Now stagging the tracks ...
[2024-04-03T01:37:18.846+0000] {logging_mixin.py:188} INFO -  HEROES & VILLAINS (Villains Version) tracks stagged ... 
[2024-04-03T01:37:18.847+0000] {logging_mixin.py:188} INFO -  transforming HEROES & VILLAINS (Villains Version) tracks data ... 
[2024-04-03T01:37:29.065+0000] {taskinstance.py:2731} ERROR - Task failed with exception
Traceback (most recent call last):
  File "/home/airflow/.local/lib/python3.8/site-packages/urllib3/connectionpool.py", line 715, in urlopen
    httplib_response = self._make_request(
  File "/home/airflow/.local/lib/python3.8/site-packages/urllib3/connectionpool.py", line 467, in _make_request
    six.raise_from(e, None)
  File "<string>", line 3, in raise_from
  File "/home/airflow/.local/lib/python3.8/site-packages/urllib3/connectionpool.py", line 462, in _make_request
    httplib_response = conn.getresponse()
  File "/usr/local/lib/python3.8/http/client.py", line 1348, in getresponse
    response.begin()
  File "/usr/local/lib/python3.8/http/client.py", line 316, in begin
    version, status, reason = self._read_status()
  File "/usr/local/lib/python3.8/http/client.py", line 285, in _read_status
    raise RemoteDisconnected("Remote end closed connection without"
http.client.RemoteDisconnected: Remote end closed connection without response

During handling of the above exception, another exception occurred:

Traceback (most recent call last):
  File "/home/airflow/.local/lib/python3.8/site-packages/requests/adapters.py", line 486, in send
    resp = conn.urlopen(
  File "/home/airflow/.local/lib/python3.8/site-packages/urllib3/connectionpool.py", line 799, in urlopen
    retries = retries.increment(
  File "/home/airflow/.local/lib/python3.8/site-packages/urllib3/util/retry.py", line 550, in increment
    raise six.reraise(type(error), error, _stacktrace)
  File "/home/airflow/.local/lib/python3.8/site-packages/urllib3/packages/six.py", line 769, in reraise
    raise value.with_traceback(tb)
  File "/home/airflow/.local/lib/python3.8/site-packages/urllib3/connectionpool.py", line 715, in urlopen
    httplib_response = self._make_request(
  File "/home/airflow/.local/lib/python3.8/site-packages/urllib3/connectionpool.py", line 467, in _make_request
    six.raise_from(e, None)
  File "<string>", line 3, in raise_from
  File "/home/airflow/.local/lib/python3.8/site-packages/urllib3/connectionpool.py", line 462, in _make_request
    httplib_response = conn.getresponse()
  File "/usr/local/lib/python3.8/http/client.py", line 1348, in getresponse
    response.begin()
  File "/usr/local/lib/python3.8/http/client.py", line 316, in begin
    version, status, reason = self._read_status()
  File "/usr/local/lib/python3.8/http/client.py", line 285, in _read_status
    raise RemoteDisconnected("Remote end closed connection without"
urllib3.exceptions.ProtocolError: ('Connection aborted.', RemoteDisconnected('Remote end closed connection without response'))

During handling of the above exception, another exception occurred:

Traceback (most recent call last):
  File "/home/airflow/.local/lib/python3.8/site-packages/airflow/models/taskinstance.py", line 444, in _execute_task
    result = _execute_callable(context=context, **execute_callable_kwargs)
  File "/home/airflow/.local/lib/python3.8/site-packages/airflow/models/taskinstance.py", line 414, in _execute_callable
    return execute_callable(context=context, **execute_callable_kwargs)
  File "/home/airflow/.local/lib/python3.8/site-packages/airflow/operators/python.py", line 200, in execute
    return_value = self.execute_callable()
  File "/home/airflow/.local/lib/python3.8/site-packages/airflow/operators/python.py", line 217, in execute_callable
    return self.python_callable(*self.op_args, **self.op_kwargs)
  File "/opt/airflow/dags/billboard_to_spotify_to_csvs_to_s3.py", line 156, in Spotify_to_CSV
    track_features = sp.audio_features(track['uri'])
  File "/home/airflow/.local/lib/python3.8/site-packages/spotipy/client.py", line 1734, in audio_features
    results = self._get("audio-features/?ids=" + trackid)
  File "/home/airflow/.local/lib/python3.8/site-packages/spotipy/client.py", line 323, in _get
    return self._internal_call("GET", url, payload, kwargs)
  File "/home/airflow/.local/lib/python3.8/site-packages/spotipy/client.py", line 266, in _internal_call
    response = self._session.request(
  File "/home/airflow/.local/lib/python3.8/site-packages/requests/sessions.py", line 589, in request
    resp = self.send(prep, **send_kwargs)
  File "/home/airflow/.local/lib/python3.8/site-packages/requests/sessions.py", line 703, in send
    r = adapter.send(request, **kwargs)
  File "/home/airflow/.local/lib/python3.8/site-packages/requests/adapters.py", line 501, in send
    raise ConnectionError(err, request=request)
requests.exceptions.ConnectionError: ('Connection aborted.', RemoteDisconnected('Remote end closed connection without response'))
[2024-04-03T01:37:29.510+0000] {taskinstance.py:1149} INFO - Marking task as UP_FOR_RETRY. dag_id=billboard_to_spotify_to_s3_extractionV1, task_id=sptoify_to_csv, execution_date=20240402T000000, start_date=20240403T012022, end_date=20240403T013729
[2024-04-03T01:37:29.676+0000] {standard_task_runner.py:107} ERROR - Failed to execute job 1539 for task sptoify_to_csv (('Connection aborted.', RemoteDisconnected('Remote end closed connection without response')); 32209)
[2024-04-03T01:37:30.068+0000] {local_task_job_runner.py:234} INFO - Task exited with return code 1
[2024-04-03T01:37:30.195+0000] {taskinstance.py:3312} INFO - 0 downstream tasks scheduled from follow-on schedule check
