[2024-04-03T01:52:39.552+0000] {taskinstance.py:1979} INFO - Dependencies all met for dep_context=non-requeueable deps ti=<TaskInstance: billboard_to_spotify_to_s3_extractionV1.sptoify_to_csv scheduled__2024-04-02T00:00:00+00:00 [queued]>
[2024-04-03T01:52:39.572+0000] {taskinstance.py:1979} INFO - Dependencies all met for dep_context=requeueable deps ti=<TaskInstance: billboard_to_spotify_to_s3_extractionV1.sptoify_to_csv scheduled__2024-04-02T00:00:00+00:00 [queued]>
[2024-04-03T01:52:39.573+0000] {taskinstance.py:2193} INFO - Starting attempt 5 of 6
[2024-04-03T01:52:39.599+0000] {taskinstance.py:2217} INFO - Executing <Task(PythonOperator): sptoify_to_csv> on 2024-04-02 00:00:00+00:00
[2024-04-03T01:52:39.611+0000] {standard_task_runner.py:60} INFO - Started process 32238 to run task
[2024-04-03T01:52:39.617+0000] {standard_task_runner.py:87} INFO - Running: ['***', 'tasks', 'run', 'billboard_to_spotify_to_s3_extractionV1', 'sptoify_to_csv', 'scheduled__2024-04-02T00:00:00+00:00', '--job-id', '1540', '--raw', '--subdir', 'DAGS_FOLDER/billboard_to_spotify_to_csvs_to_s3.py', '--cfg-path', '/tmp/tmp3s2da442']
[2024-04-03T01:52:39.622+0000] {standard_task_runner.py:88} INFO - Job 1540: Subtask sptoify_to_csv
[2024-04-03T01:52:39.696+0000] {task_command.py:423} INFO - Running <TaskInstance: billboard_to_spotify_to_s3_extractionV1.sptoify_to_csv scheduled__2024-04-02T00:00:00+00:00 [running]> on host bdb7303f046f
[2024-04-03T01:52:39.818+0000] {taskinstance.py:2513} INFO - Exporting env vars: AIRFLOW_CTX_DAG_OWNER='Nathaniel Solomon' AIRFLOW_CTX_DAG_ID='billboard_to_spotify_to_s3_extractionV1' AIRFLOW_CTX_TASK_ID='sptoify_to_csv' AIRFLOW_CTX_EXECUTION_DATE='2024-04-02T00:00:00+00:00' AIRFLOW_CTX_TRY_NUMBER='5' AIRFLOW_CTX_DAG_RUN_ID='scheduled__2024-04-02T00:00:00+00:00'
[2024-04-03T01:52:39.836+0000] {logging_mixin.py:188} INFO - GOT THE TOP ARTISTS DAT FROM XCOM
[2024-04-03T01:52:39.837+0000] {logging_mixin.py:188} INFO - GETTING ARTISTS BIO DATA
[2024-04-03T01:52:40.262+0000] {logging_mixin.py:188} INFO - GETTING ARTISTS ALBUMS DATA
[2024-04-03T01:52:40.542+0000] {logging_mixin.py:188} INFO - Taylor Swift has appeared on a total of 385 albums
[2024-04-03T01:52:40.543+0000] {logging_mixin.py:188} INFO -  Now stagging the albums ...
[2024-04-03T01:52:45.843+0000] {logging_mixin.py:188} INFO -  Taylor Swift albums stagged ... 
[2024-04-03T01:52:45.845+0000] {logging_mixin.py:188} INFO -  transforming Taylor Swift albums data ... 
[2024-04-03T01:52:45.846+0000] {logging_mixin.py:188} INFO - GETTING ALBUMS TRACKS DATA
[2024-04-03T01:52:46.189+0000] {logging_mixin.py:188} INFO -  Now stagging the tracks ...
[2024-04-03T01:52:46.190+0000] {logging_mixin.py:188} INFO -  1989 (Taylor's Version) [Deluxe] tracks stagged ... 
[2024-04-03T01:52:46.191+0000] {logging_mixin.py:188} INFO -  transforming 1989 (Taylor's Version) [Deluxe] tracks data ... 
[2024-04-03T01:52:47.920+0000] {logging_mixin.py:188} INFO - GETTING ALBUMS TRACKS DATA
[2024-04-03T01:52:48.121+0000] {logging_mixin.py:188} INFO -  Now stagging the tracks ...
[2024-04-03T01:52:48.122+0000] {logging_mixin.py:188} INFO -  1989 (Taylor's Version) tracks stagged ... 
[2024-04-03T01:52:48.123+0000] {logging_mixin.py:188} INFO -  transforming 1989 (Taylor's Version) tracks data ... 
[2024-04-03T01:52:49.856+0000] {logging_mixin.py:188} INFO - GETTING ALBUMS TRACKS DATA
[2024-04-03T01:52:50.080+0000] {logging_mixin.py:188} INFO -  Now stagging the tracks ...
[2024-04-03T01:52:50.081+0000] {logging_mixin.py:188} INFO -  Speak Now (Taylor's Version) tracks stagged ... 
[2024-04-03T01:52:50.082+0000] {logging_mixin.py:188} INFO -  transforming Speak Now (Taylor's Version) tracks data ... 
[2024-04-03T01:52:51.793+0000] {logging_mixin.py:188} INFO - GETTING ALBUMS TRACKS DATA
[2024-04-03T01:52:52.002+0000] {logging_mixin.py:188} INFO -  Now stagging the tracks ...
[2024-04-03T01:52:52.003+0000] {logging_mixin.py:188} INFO -  Midnights (The Til Dawn Edition) tracks stagged ... 
[2024-04-03T01:52:52.004+0000] {logging_mixin.py:188} INFO -  transforming Midnights (The Til Dawn Edition) tracks data ... 
[2024-04-03T01:52:55.308+0000] {logging_mixin.py:188} INFO - GETTING ALBUMS TRACKS DATA
[2024-04-03T01:52:55.528+0000] {logging_mixin.py:188} INFO -  Now stagging the tracks ...
[2024-04-03T01:52:55.529+0000] {logging_mixin.py:188} INFO -  Midnights (3am Edition) tracks stagged ... 
[2024-04-03T01:52:55.530+0000] {logging_mixin.py:188} INFO -  transforming Midnights (3am Edition) tracks data ... 
[2024-04-03T01:52:57.347+0000] {logging_mixin.py:188} INFO - GETTING ALBUMS TRACKS DATA
[2024-04-03T01:52:57.662+0000] {logging_mixin.py:188} INFO -  Now stagging the tracks ...
[2024-04-03T01:52:57.664+0000] {logging_mixin.py:188} INFO -  Midnights tracks stagged ... 
[2024-04-03T01:52:57.665+0000] {logging_mixin.py:188} INFO -  transforming Midnights tracks data ... 
[2024-04-03T01:52:59.335+0000] {logging_mixin.py:188} INFO - GETTING ALBUMS TRACKS DATA
[2024-04-03T01:52:59.560+0000] {logging_mixin.py:188} INFO -  Now stagging the tracks ...
[2024-04-03T01:52:59.561+0000] {logging_mixin.py:188} INFO -  Red (Taylor's Version) tracks stagged ... 
[2024-04-03T01:52:59.562+0000] {logging_mixin.py:188} INFO -  transforming Red (Taylor's Version) tracks data ... 
[2024-04-03T01:53:01.262+0000] {logging_mixin.py:188} INFO - GETTING ALBUMS TRACKS DATA
[2024-04-03T01:53:01.501+0000] {logging_mixin.py:188} INFO -  Now stagging the tracks ...
[2024-04-03T01:53:01.502+0000] {logging_mixin.py:188} INFO -  Fearless (Taylor's Version) tracks stagged ... 
[2024-04-03T01:53:01.503+0000] {logging_mixin.py:188} INFO -  transforming Fearless (Taylor's Version) tracks data ... 
[2024-04-03T01:53:03.225+0000] {logging_mixin.py:188} INFO - GETTING ALBUMS TRACKS DATA
[2024-04-03T01:53:03.457+0000] {logging_mixin.py:188} INFO -  Now stagging the tracks ...
[2024-04-03T01:53:03.458+0000] {logging_mixin.py:188} INFO -  evermore (deluxe version) tracks stagged ... 
[2024-04-03T01:53:03.459+0000] {logging_mixin.py:188} INFO -  transforming evermore (deluxe version) tracks data ... 
[2024-04-03T01:53:05.164+0000] {logging_mixin.py:188} INFO - GETTING ALBUMS TRACKS DATA
[2024-04-03T01:53:05.387+0000] {logging_mixin.py:188} INFO -  Now stagging the tracks ...
[2024-04-03T01:53:05.388+0000] {logging_mixin.py:188} INFO -  evermore tracks stagged ... 
[2024-04-03T01:53:05.389+0000] {logging_mixin.py:188} INFO -  transforming evermore tracks data ... 
[2024-04-03T01:53:07.100+0000] {logging_mixin.py:188} INFO - DONE WITH Taylor Swift NOW MOVING TO NEXT ARTIST
[2024-04-03T01:53:07.334+0000] {logging_mixin.py:188} INFO - GETTING ARTISTS ALBUMS DATA
[2024-04-03T01:53:07.698+0000] {logging_mixin.py:188} INFO - Future has appeared on a total of 1212 albums
[2024-04-03T01:53:07.700+0000] {logging_mixin.py:188} INFO -  Now stagging the albums ...
[2024-04-03T01:53:30.205+0000] {client.py:288} ERROR - HTTP Error for GET to https://api.spotify.com/v1/artists/1RyvyyTE3xzB2ZywiAwp0i/albums?include_groups=album,single,compilation,appears_on&offset=640&limit=20 with Params: {} returned 401 due to The access token expired
[2024-04-03T01:53:30.226+0000] {taskinstance.py:2731} ERROR - Task failed with exception
Traceback (most recent call last):
  File "/home/airflow/.local/lib/python3.8/site-packages/spotipy/client.py", line 271, in _internal_call
    response.raise_for_status()
  File "/home/airflow/.local/lib/python3.8/site-packages/requests/models.py", line 1021, in raise_for_status
    raise HTTPError(http_error_msg, response=self)
requests.exceptions.HTTPError: 401 Client Error: Unauthorized for url: https://api.spotify.com/v1/artists/1RyvyyTE3xzB2ZywiAwp0i/albums?include_groups=album,single,compilation,appears_on&offset=640&limit=20

During handling of the above exception, another exception occurred:

Traceback (most recent call last):
  File "/home/airflow/.local/lib/python3.8/site-packages/airflow/models/taskinstance.py", line 444, in _execute_task
    result = _execute_callable(context=context, **execute_callable_kwargs)
  File "/home/airflow/.local/lib/python3.8/site-packages/airflow/models/taskinstance.py", line 414, in _execute_callable
    return execute_callable(context=context, **execute_callable_kwargs)
  File "/home/airflow/.local/lib/python3.8/site-packages/airflow/operators/python.py", line 200, in execute
    return_value = self.execute_callable()
  File "/home/airflow/.local/lib/python3.8/site-packages/airflow/operators/python.py", line 217, in execute_callable
    return self.python_callable(*self.op_args, **self.op_kwargs)
  File "/opt/airflow/dags/billboard_to_spotify_to_csvs_to_s3.py", line 118, in Spotify_to_CSV
    artist_albm = sp.next(artist_albm)
  File "/home/airflow/.local/lib/python3.8/site-packages/spotipy/client.py", line 347, in next
    return self._get(result["next"])
  File "/home/airflow/.local/lib/python3.8/site-packages/spotipy/client.py", line 323, in _get
    return self._internal_call("GET", url, payload, kwargs)
  File "/home/airflow/.local/lib/python3.8/site-packages/spotipy/client.py", line 293, in _internal_call
    raise SpotifyException(
spotipy.exceptions.SpotifyException: http status: 401, code:-1 - https://api.spotify.com/v1/artists/1RyvyyTE3xzB2ZywiAwp0i/albums?include_groups=album,single,compilation,appears_on&offset=640&limit=20:
 The access token expired, reason: None
[2024-04-03T01:53:30.333+0000] {taskinstance.py:1149} INFO - Marking task as UP_FOR_RETRY. dag_id=billboard_to_spotify_to_s3_extractionV1, task_id=sptoify_to_csv, execution_date=20240402T000000, start_date=20240403T015239, end_date=20240403T015330
[2024-04-03T01:53:30.432+0000] {standard_task_runner.py:107} ERROR - Failed to execute job 1540 for task sptoify_to_csv (http status: 401, code:-1 - https://api.spotify.com/v1/artists/1RyvyyTE3xzB2ZywiAwp0i/albums?include_groups=album,single,compilation,appears_on&offset=640&limit=20:
 The access token expired, reason: None; 32238)
[2024-04-03T01:53:30.781+0000] {local_task_job_runner.py:234} INFO - Task exited with return code 1
[2024-04-03T01:53:30.943+0000] {taskinstance.py:3312} INFO - 0 downstream tasks scheduled from follow-on schedule check
