[2024-04-03T02:08:42.146+0000] {taskinstance.py:1979} INFO - Dependencies all met for dep_context=non-requeueable deps ti=<TaskInstance: billboard_to_spotify_to_s3_extractionV1.sptoify_to_csv scheduled__2024-04-02T00:00:00+00:00 [queued]>
[2024-04-03T02:08:42.161+0000] {taskinstance.py:1979} INFO - Dependencies all met for dep_context=requeueable deps ti=<TaskInstance: billboard_to_spotify_to_s3_extractionV1.sptoify_to_csv scheduled__2024-04-02T00:00:00+00:00 [queued]>
[2024-04-03T02:08:42.162+0000] {taskinstance.py:2193} INFO - Starting attempt 6 of 6
[2024-04-03T02:08:42.184+0000] {taskinstance.py:2217} INFO - Executing <Task(PythonOperator): sptoify_to_csv> on 2024-04-02 00:00:00+00:00
[2024-04-03T02:08:42.197+0000] {standard_task_runner.py:60} INFO - Started process 32260 to run task
[2024-04-03T02:08:42.203+0000] {standard_task_runner.py:87} INFO - Running: ['***', 'tasks', 'run', 'billboard_to_spotify_to_s3_extractionV1', 'sptoify_to_csv', 'scheduled__2024-04-02T00:00:00+00:00', '--job-id', '1541', '--raw', '--subdir', 'DAGS_FOLDER/billboard_to_spotify_to_csvs_to_s3.py', '--cfg-path', '/tmp/tmp9poz9ynn']
[2024-04-03T02:08:42.207+0000] {standard_task_runner.py:88} INFO - Job 1541: Subtask sptoify_to_csv
[2024-04-03T02:08:42.288+0000] {task_command.py:423} INFO - Running <TaskInstance: billboard_to_spotify_to_s3_extractionV1.sptoify_to_csv scheduled__2024-04-02T00:00:00+00:00 [running]> on host bdb7303f046f
[2024-04-03T02:08:42.457+0000] {taskinstance.py:2513} INFO - Exporting env vars: AIRFLOW_CTX_DAG_OWNER='Nathaniel Solomon' AIRFLOW_CTX_DAG_ID='billboard_to_spotify_to_s3_extractionV1' AIRFLOW_CTX_TASK_ID='sptoify_to_csv' AIRFLOW_CTX_EXECUTION_DATE='2024-04-02T00:00:00+00:00' AIRFLOW_CTX_TRY_NUMBER='6' AIRFLOW_CTX_DAG_RUN_ID='scheduled__2024-04-02T00:00:00+00:00'
[2024-04-03T02:08:42.478+0000] {logging_mixin.py:188} INFO - GOT THE TOP ARTISTS DAT FROM XCOM
[2024-04-03T02:08:42.479+0000] {logging_mixin.py:188} INFO - GETTING ARTISTS BIO DATA
[2024-04-03T02:08:43.148+0000] {logging_mixin.py:188} INFO - GETTING ARTISTS ALBUMS DATA
[2024-04-03T02:08:43.440+0000] {logging_mixin.py:188} INFO - Taylor Swift has appeared on a total of 385 albums
[2024-04-03T02:08:43.450+0000] {logging_mixin.py:188} INFO -  Now stagging the albums ...
[2024-04-03T02:08:48.460+0000] {logging_mixin.py:188} INFO -  Taylor Swift albums stagged ... 
[2024-04-03T02:08:48.461+0000] {logging_mixin.py:188} INFO -  transforming Taylor Swift albums data ... 
[2024-04-03T02:08:48.462+0000] {logging_mixin.py:188} INFO - GETTING ALBUMS TRACKS DATA
[2024-04-03T02:08:48.702+0000] {logging_mixin.py:188} INFO -  Now stagging the tracks ...
[2024-04-03T02:08:48.704+0000] {logging_mixin.py:188} INFO -  1989 (Taylor's Version) [Deluxe] tracks stagged ... 
[2024-04-03T02:08:48.704+0000] {logging_mixin.py:188} INFO -  transforming 1989 (Taylor's Version) [Deluxe] tracks data ... 
[2024-04-03T02:08:50.385+0000] {logging_mixin.py:188} INFO - GETTING ALBUMS TRACKS DATA
[2024-04-03T02:08:50.630+0000] {logging_mixin.py:188} INFO -  Now stagging the tracks ...
[2024-04-03T02:08:50.631+0000] {logging_mixin.py:188} INFO -  1989 (Taylor's Version) tracks stagged ... 
[2024-04-03T02:08:50.632+0000] {logging_mixin.py:188} INFO -  transforming 1989 (Taylor's Version) tracks data ... 
[2024-04-03T02:08:52.328+0000] {logging_mixin.py:188} INFO - GETTING ALBUMS TRACKS DATA
[2024-04-03T02:08:52.567+0000] {logging_mixin.py:188} INFO -  Now stagging the tracks ...
[2024-04-03T02:08:52.568+0000] {logging_mixin.py:188} INFO -  Speak Now (Taylor's Version) tracks stagged ... 
[2024-04-03T02:08:52.569+0000] {logging_mixin.py:188} INFO -  transforming Speak Now (Taylor's Version) tracks data ... 
[2024-04-03T02:08:55.689+0000] {logging_mixin.py:188} INFO - GETTING ALBUMS TRACKS DATA
[2024-04-03T02:08:55.887+0000] {logging_mixin.py:188} INFO -  Now stagging the tracks ...
[2024-04-03T02:08:55.888+0000] {logging_mixin.py:188} INFO -  Midnights (The Til Dawn Edition) tracks stagged ... 
[2024-04-03T02:08:55.889+0000] {logging_mixin.py:188} INFO -  transforming Midnights (The Til Dawn Edition) tracks data ... 
[2024-04-03T02:08:57.567+0000] {logging_mixin.py:188} INFO - GETTING ALBUMS TRACKS DATA
[2024-04-03T02:08:57.885+0000] {logging_mixin.py:188} INFO -  Now stagging the tracks ...
[2024-04-03T02:08:57.886+0000] {logging_mixin.py:188} INFO -  Midnights (3am Edition) tracks stagged ... 
[2024-04-03T02:08:57.886+0000] {logging_mixin.py:188} INFO -  transforming Midnights (3am Edition) tracks data ... 
[2024-04-03T02:08:59.589+0000] {logging_mixin.py:188} INFO - GETTING ALBUMS TRACKS DATA
[2024-04-03T02:08:59.789+0000] {logging_mixin.py:188} INFO -  Now stagging the tracks ...
[2024-04-03T02:08:59.790+0000] {logging_mixin.py:188} INFO -  Midnights tracks stagged ... 
[2024-04-03T02:08:59.791+0000] {logging_mixin.py:188} INFO -  transforming Midnights tracks data ... 
[2024-04-03T02:09:01.529+0000] {logging_mixin.py:188} INFO - GETTING ALBUMS TRACKS DATA
[2024-04-03T02:09:01.866+0000] {logging_mixin.py:188} INFO -  Now stagging the tracks ...
[2024-04-03T02:09:01.867+0000] {logging_mixin.py:188} INFO -  Red (Taylor's Version) tracks stagged ... 
[2024-04-03T02:09:01.868+0000] {logging_mixin.py:188} INFO -  transforming Red (Taylor's Version) tracks data ... 
[2024-04-03T02:09:03.561+0000] {logging_mixin.py:188} INFO - GETTING ALBUMS TRACKS DATA
[2024-04-03T02:09:03.800+0000] {logging_mixin.py:188} INFO -  Now stagging the tracks ...
[2024-04-03T02:09:03.802+0000] {logging_mixin.py:188} INFO -  Fearless (Taylor's Version) tracks stagged ... 
[2024-04-03T02:09:03.803+0000] {logging_mixin.py:188} INFO -  transforming Fearless (Taylor's Version) tracks data ... 
[2024-04-03T02:09:05.552+0000] {logging_mixin.py:188} INFO - GETTING ALBUMS TRACKS DATA
[2024-04-03T02:09:05.761+0000] {logging_mixin.py:188} INFO -  Now stagging the tracks ...
[2024-04-03T02:09:05.762+0000] {logging_mixin.py:188} INFO -  evermore (deluxe version) tracks stagged ... 
[2024-04-03T02:09:05.763+0000] {logging_mixin.py:188} INFO -  transforming evermore (deluxe version) tracks data ... 
[2024-04-03T02:09:07.487+0000] {logging_mixin.py:188} INFO - GETTING ALBUMS TRACKS DATA
[2024-04-03T02:09:07.693+0000] {logging_mixin.py:188} INFO -  Now stagging the tracks ...
[2024-04-03T02:09:07.694+0000] {logging_mixin.py:188} INFO -  evermore tracks stagged ... 
[2024-04-03T02:09:07.694+0000] {logging_mixin.py:188} INFO -  transforming evermore tracks data ... 
[2024-04-03T02:09:09.394+0000] {logging_mixin.py:188} INFO - DONE WITH Taylor Swift NOW MOVING TO NEXT ARTIST
[2024-04-03T02:09:09.609+0000] {logging_mixin.py:188} INFO - GETTING ARTISTS ALBUMS DATA
[2024-04-03T02:09:10.043+0000] {logging_mixin.py:188} INFO - Future has appeared on a total of 1212 albums
[2024-04-03T02:09:10.045+0000] {logging_mixin.py:188} INFO -  Now stagging the albums ...
[2024-04-03T02:21:36.906+0000] {logging_mixin.py:188} INFO -  Future albums stagged ... 
[2024-04-03T02:21:36.914+0000] {logging_mixin.py:188} INFO -  transforming Future albums data ... 
[2024-04-03T02:21:36.915+0000] {logging_mixin.py:188} INFO - GETTING ALBUMS TRACKS DATA
[2024-04-03T02:21:37.137+0000] {logging_mixin.py:188} INFO -  Now stagging the tracks ...
[2024-04-03T02:21:37.138+0000] {logging_mixin.py:188} INFO -  WE DON'T TRUST YOU tracks stagged ... 
[2024-04-03T02:21:37.138+0000] {logging_mixin.py:188} INFO -  transforming WE DON'T TRUST YOU tracks data ... 
[2024-04-03T02:21:38.878+0000] {logging_mixin.py:188} INFO - GETTING ALBUMS TRACKS DATA
[2024-04-03T02:21:39.114+0000] {logging_mixin.py:188} INFO -  Now stagging the tracks ...
[2024-04-03T02:21:39.115+0000] {logging_mixin.py:188} INFO -  I NEVER LIKED YOU tracks stagged ... 
[2024-04-03T02:21:39.117+0000] {logging_mixin.py:188} INFO -  transforming I NEVER LIKED YOU tracks data ... 
[2024-04-03T02:21:40.804+0000] {logging_mixin.py:188} INFO - GETTING ALBUMS TRACKS DATA
[2024-04-03T02:21:41.075+0000] {logging_mixin.py:188} INFO -  Now stagging the tracks ...
[2024-04-03T02:21:41.076+0000] {logging_mixin.py:188} INFO -  I NEVER LIKED YOU (Instrumental) tracks stagged ... 
[2024-04-03T02:21:41.077+0000] {logging_mixin.py:188} INFO -  transforming I NEVER LIKED YOU (Instrumental) tracks data ... 
[2024-04-03T02:21:42.772+0000] {logging_mixin.py:188} INFO - GETTING ALBUMS TRACKS DATA
[2024-04-03T02:21:43.014+0000] {logging_mixin.py:188} INFO -  Now stagging the tracks ...
[2024-04-03T02:21:43.016+0000] {logging_mixin.py:188} INFO -  Pluto x Baby Pluto (Deluxe) tracks stagged ... 
[2024-04-03T02:21:43.037+0000] {logging_mixin.py:188} INFO -  transforming Pluto x Baby Pluto (Deluxe) tracks data ... 
[2024-04-03T02:21:44.743+0000] {logging_mixin.py:188} INFO - GETTING ALBUMS TRACKS DATA
[2024-04-03T02:21:44.962+0000] {logging_mixin.py:188} INFO -  Now stagging the tracks ...
[2024-04-03T02:21:44.963+0000] {logging_mixin.py:188} INFO -  Pluto x Baby Pluto tracks stagged ... 
[2024-04-03T02:21:44.964+0000] {logging_mixin.py:188} INFO -  transforming Pluto x Baby Pluto tracks data ... 
[2024-04-03T02:21:47.975+0000] {logging_mixin.py:188} INFO - GETTING ALBUMS TRACKS DATA
[2024-04-03T02:21:48.273+0000] {logging_mixin.py:188} INFO -  Now stagging the tracks ...
[2024-04-03T02:21:48.274+0000] {logging_mixin.py:188} INFO -  High Off Life tracks stagged ... 
[2024-04-03T02:21:48.275+0000] {logging_mixin.py:188} INFO -  transforming High Off Life tracks data ... 
[2024-04-03T02:21:50.010+0000] {logging_mixin.py:188} INFO - GETTING ALBUMS TRACKS DATA
[2024-04-03T02:21:50.209+0000] {logging_mixin.py:188} INFO -  Now stagging the tracks ...
[2024-04-03T02:21:50.210+0000] {logging_mixin.py:188} INFO -  SAVE ME tracks stagged ... 
[2024-04-03T02:21:50.211+0000] {logging_mixin.py:188} INFO -  transforming SAVE ME tracks data ... 
[2024-04-03T02:21:51.402+0000] {logging_mixin.py:188} INFO - GETTING ALBUMS TRACKS DATA
[2024-04-03T02:21:51.620+0000] {logging_mixin.py:188} INFO -  Now stagging the tracks ...
[2024-04-03T02:21:51.621+0000] {logging_mixin.py:188} INFO -  Future Hndrxx Presents: The WIZRD tracks stagged ... 
[2024-04-03T02:21:51.622+0000] {logging_mixin.py:188} INFO -  transforming Future Hndrxx Presents: The WIZRD tracks data ... 
[2024-04-03T02:21:53.304+0000] {logging_mixin.py:188} INFO - GETTING ALBUMS TRACKS DATA
[2024-04-03T02:21:53.510+0000] {logging_mixin.py:188} INFO -  Now stagging the tracks ...
[2024-04-03T02:21:53.512+0000] {logging_mixin.py:188} INFO -  Future & Juice WRLD Present... WRLD ON DRUGS tracks stagged ... 
[2024-04-03T02:21:53.513+0000] {logging_mixin.py:188} INFO -  transforming Future & Juice WRLD Present... WRLD ON DRUGS tracks data ... 
[2024-04-03T02:21:55.213+0000] {logging_mixin.py:188} INFO - GETTING ALBUMS TRACKS DATA
[2024-04-03T02:21:55.412+0000] {logging_mixin.py:188} INFO -  Now stagging the tracks ...
[2024-04-03T02:21:55.413+0000] {logging_mixin.py:188} INFO -  BEASTMODE 2 tracks stagged ... 
[2024-04-03T02:21:55.414+0000] {logging_mixin.py:188} INFO -  transforming BEASTMODE 2 tracks data ... 
[2024-04-03T02:21:56.936+0000] {logging_mixin.py:188} INFO - DONE WITH Future NOW MOVING TO NEXT ARTIST
[2024-04-03T02:21:57.126+0000] {logging_mixin.py:188} INFO - GETTING ARTISTS ALBUMS DATA
[2024-04-03T02:21:57.530+0000] {logging_mixin.py:188} INFO - Metro Boomin has appeared on a total of 181 albums
[2024-04-03T02:21:57.557+0000] {logging_mixin.py:188} INFO -  Now stagging the albums ...
[2024-04-03T02:21:59.940+0000] {logging_mixin.py:188} INFO -  Metro Boomin albums stagged ... 
[2024-04-03T02:21:59.941+0000] {logging_mixin.py:188} INFO -  transforming Metro Boomin albums data ... 
[2024-04-03T02:21:59.942+0000] {logging_mixin.py:188} INFO - GETTING ALBUMS TRACKS DATA
[2024-04-03T02:22:00.155+0000] {logging_mixin.py:188} INFO -  Now stagging the tracks ...
[2024-04-03T02:22:00.156+0000] {logging_mixin.py:188} INFO -  WE DON'T TRUST YOU tracks stagged ... 
[2024-04-03T02:22:00.157+0000] {logging_mixin.py:188} INFO -  transforming WE DON'T TRUST YOU tracks data ... 
[2024-04-03T02:22:01.914+0000] {logging_mixin.py:188} INFO - GETTING ALBUMS TRACKS DATA
[2024-04-03T02:22:02.149+0000] {logging_mixin.py:188} INFO -  Now stagging the tracks ...
[2024-04-03T02:22:02.151+0000] {logging_mixin.py:188} INFO -  METRO BOOMIN PRESENTS SPIDER-MAN: ACROSS THE SPIDER-VERSE [SOUNDTRACK FROM AND INSPIRED BY THE MOTION PICTURE (METROVERSE INSTRUMENTAL EDITION)] tracks stagged ... 
[2024-04-03T02:22:02.152+0000] {logging_mixin.py:188} INFO -  transforming METRO BOOMIN PRESENTS SPIDER-MAN: ACROSS THE SPIDER-VERSE [SOUNDTRACK FROM AND INSPIRED BY THE MOTION PICTURE (METROVERSE INSTRUMENTAL EDITION)] tracks data ... 
[2024-04-03T02:22:03.837+0000] {logging_mixin.py:188} INFO - GETTING ALBUMS TRACKS DATA
[2024-04-03T02:22:04.044+0000] {logging_mixin.py:188} INFO -  Now stagging the tracks ...
[2024-04-03T02:22:04.045+0000] {logging_mixin.py:188} INFO -  METRO BOOMIN PRESENTS SPIDER-MAN: ACROSS THE SPIDER-VERSE (SOUNDTRACK FROM AND INSPIRED BY THE MOTION PICTURE / DELUXE EDITION) tracks stagged ... 
[2024-04-03T02:22:04.046+0000] {logging_mixin.py:188} INFO -  transforming METRO BOOMIN PRESENTS SPIDER-MAN: ACROSS THE SPIDER-VERSE (SOUNDTRACK FROM AND INSPIRED BY THE MOTION PICTURE / DELUXE EDITION) tracks data ... 
[2024-04-03T02:22:05.717+0000] {logging_mixin.py:188} INFO - GETTING ALBUMS TRACKS DATA
[2024-04-03T02:22:05.941+0000] {logging_mixin.py:188} INFO -  Now stagging the tracks ...
[2024-04-03T02:22:05.942+0000] {logging_mixin.py:188} INFO -  METRO BOOMIN PRESENTS SPIDER-MAN: ACROSS THE SPIDER-VERSE (SOUNDTRACK FROM AND INSPIRED BY THE MOTION PICTURE) tracks stagged ... 
[2024-04-03T02:22:05.943+0000] {logging_mixin.py:188} INFO -  transforming METRO BOOMIN PRESENTS SPIDER-MAN: ACROSS THE SPIDER-VERSE (SOUNDTRACK FROM AND INSPIRED BY THE MOTION PICTURE) tracks data ... 
[2024-04-03T02:22:07.676+0000] {logging_mixin.py:188} INFO - GETTING ALBUMS TRACKS DATA
[2024-04-03T02:22:07.920+0000] {logging_mixin.py:188} INFO -  Now stagging the tracks ...
[2024-04-03T02:22:07.920+0000] {logging_mixin.py:188} INFO -  HEROES & VILLAINS (Villains Version) tracks stagged ... 
[2024-04-03T02:22:07.921+0000] {logging_mixin.py:188} INFO -  transforming HEROES & VILLAINS (Villains Version) tracks data ... 
[2024-04-03T02:22:09.632+0000] {logging_mixin.py:188} INFO - GETTING ALBUMS TRACKS DATA
[2024-04-03T02:22:09.908+0000] {logging_mixin.py:188} INFO -  Now stagging the tracks ...
[2024-04-03T02:22:09.910+0000] {logging_mixin.py:188} INFO -  HEROES & VILLAINS (Heroes Version) tracks stagged ... 
[2024-04-03T02:22:09.911+0000] {logging_mixin.py:188} INFO -  transforming HEROES & VILLAINS (Heroes Version) tracks data ... 
[2024-04-03T02:22:11.661+0000] {logging_mixin.py:188} INFO - GETTING ALBUMS TRACKS DATA
[2024-04-03T02:22:11.884+0000] {logging_mixin.py:188} INFO -  Now stagging the tracks ...
[2024-04-03T02:22:11.886+0000] {logging_mixin.py:188} INFO -  HEROES & VILLAINS tracks stagged ... 
[2024-04-03T02:22:11.887+0000] {logging_mixin.py:188} INFO -  transforming HEROES & VILLAINS tracks data ... 
[2024-04-03T02:22:21.627+0000] {taskinstance.py:2731} ERROR - Task failed with exception
Traceback (most recent call last):
  File "/home/airflow/.local/lib/python3.8/site-packages/urllib3/connectionpool.py", line 715, in urlopen
    httplib_response = self._make_request(
  File "/home/airflow/.local/lib/python3.8/site-packages/urllib3/connectionpool.py", line 467, in _make_request
    six.raise_from(e, None)
  File "<string>", line 3, in raise_from
  File "/home/airflow/.local/lib/python3.8/site-packages/urllib3/connectionpool.py", line 462, in _make_request
    httplib_response = conn.getresponse()
  File "/usr/local/lib/python3.8/http/client.py", line 1348, in getresponse
    response.begin()
  File "/usr/local/lib/python3.8/http/client.py", line 316, in begin
    version, status, reason = self._read_status()
  File "/usr/local/lib/python3.8/http/client.py", line 285, in _read_status
    raise RemoteDisconnected("Remote end closed connection without"
http.client.RemoteDisconnected: Remote end closed connection without response

During handling of the above exception, another exception occurred:

Traceback (most recent call last):
  File "/home/airflow/.local/lib/python3.8/site-packages/requests/adapters.py", line 486, in send
    resp = conn.urlopen(
  File "/home/airflow/.local/lib/python3.8/site-packages/urllib3/connectionpool.py", line 799, in urlopen
    retries = retries.increment(
  File "/home/airflow/.local/lib/python3.8/site-packages/urllib3/util/retry.py", line 550, in increment
    raise six.reraise(type(error), error, _stacktrace)
  File "/home/airflow/.local/lib/python3.8/site-packages/urllib3/packages/six.py", line 769, in reraise
    raise value.with_traceback(tb)
  File "/home/airflow/.local/lib/python3.8/site-packages/urllib3/connectionpool.py", line 715, in urlopen
    httplib_response = self._make_request(
  File "/home/airflow/.local/lib/python3.8/site-packages/urllib3/connectionpool.py", line 467, in _make_request
    six.raise_from(e, None)
  File "<string>", line 3, in raise_from
  File "/home/airflow/.local/lib/python3.8/site-packages/urllib3/connectionpool.py", line 462, in _make_request
    httplib_response = conn.getresponse()
  File "/usr/local/lib/python3.8/http/client.py", line 1348, in getresponse
    response.begin()
  File "/usr/local/lib/python3.8/http/client.py", line 316, in begin
    version, status, reason = self._read_status()
  File "/usr/local/lib/python3.8/http/client.py", line 285, in _read_status
    raise RemoteDisconnected("Remote end closed connection without"
urllib3.exceptions.ProtocolError: ('Connection aborted.', RemoteDisconnected('Remote end closed connection without response'))

During handling of the above exception, another exception occurred:

Traceback (most recent call last):
  File "/home/airflow/.local/lib/python3.8/site-packages/airflow/models/taskinstance.py", line 444, in _execute_task
    result = _execute_callable(context=context, **execute_callable_kwargs)
  File "/home/airflow/.local/lib/python3.8/site-packages/airflow/models/taskinstance.py", line 414, in _execute_callable
    return execute_callable(context=context, **execute_callable_kwargs)
  File "/home/airflow/.local/lib/python3.8/site-packages/airflow/operators/python.py", line 200, in execute
    return_value = self.execute_callable()
  File "/home/airflow/.local/lib/python3.8/site-packages/airflow/operators/python.py", line 217, in execute_callable
    return self.python_callable(*self.op_args, **self.op_kwargs)
  File "/opt/airflow/dags/billboard_to_spotify_to_csvs_to_s3.py", line 156, in Spotify_to_CSV
    track_features = sp.audio_features(track['uri'])
  File "/home/airflow/.local/lib/python3.8/site-packages/spotipy/client.py", line 1734, in audio_features
    results = self._get("audio-features/?ids=" + trackid)
  File "/home/airflow/.local/lib/python3.8/site-packages/spotipy/client.py", line 323, in _get
    return self._internal_call("GET", url, payload, kwargs)
  File "/home/airflow/.local/lib/python3.8/site-packages/spotipy/client.py", line 266, in _internal_call
    response = self._session.request(
  File "/home/airflow/.local/lib/python3.8/site-packages/requests/sessions.py", line 589, in request
    resp = self.send(prep, **send_kwargs)
  File "/home/airflow/.local/lib/python3.8/site-packages/requests/sessions.py", line 703, in send
    r = adapter.send(request, **kwargs)
  File "/home/airflow/.local/lib/python3.8/site-packages/requests/adapters.py", line 501, in send
    raise ConnectionError(err, request=request)
requests.exceptions.ConnectionError: ('Connection aborted.', RemoteDisconnected('Remote end closed connection without response'))
[2024-04-03T02:22:22.358+0000] {taskinstance.py:1149} INFO - Marking task as FAILED. dag_id=billboard_to_spotify_to_s3_extractionV1, task_id=sptoify_to_csv, execution_date=20240402T000000, start_date=20240403T020842, end_date=20240403T022222
[2024-04-03T02:22:22.554+0000] {standard_task_runner.py:107} ERROR - Failed to execute job 1541 for task sptoify_to_csv (('Connection aborted.', RemoteDisconnected('Remote end closed connection without response')); 32260)
[2024-04-03T02:22:22.945+0000] {local_task_job_runner.py:234} INFO - Task exited with return code 1
[2024-04-03T02:22:23.081+0000] {taskinstance.py:3312} INFO - 0 downstream tasks scheduled from follow-on schedule check
