[2024-04-04T00:27:25.104+0000] {taskinstance.py:1979} INFO - Dependencies all met for dep_context=non-requeueable deps ti=<TaskInstance: billboard_to_spotify_to_s3_extractionV1.sptoify_to_csv scheduled__2024-04-03T00:00:00+00:00 [queued]>
[2024-04-04T00:27:25.118+0000] {taskinstance.py:1979} INFO - Dependencies all met for dep_context=requeueable deps ti=<TaskInstance: billboard_to_spotify_to_s3_extractionV1.sptoify_to_csv scheduled__2024-04-03T00:00:00+00:00 [queued]>
[2024-04-04T00:27:25.119+0000] {taskinstance.py:2193} INFO - Starting attempt 1 of 6
[2024-04-04T00:27:25.141+0000] {taskinstance.py:2217} INFO - Executing <Task(PythonOperator): sptoify_to_csv> on 2024-04-03 00:00:00+00:00
[2024-04-04T00:27:25.152+0000] {standard_task_runner.py:60} INFO - Started process 34161 to run task
[2024-04-04T00:27:25.157+0000] {standard_task_runner.py:87} INFO - Running: ['***', 'tasks', 'run', 'billboard_to_spotify_to_s3_extractionV1', 'sptoify_to_csv', 'scheduled__2024-04-03T00:00:00+00:00', '--job-id', '1543', '--raw', '--subdir', 'DAGS_FOLDER/billboard_to_spotify_to_csvs_to_s3.py', '--cfg-path', '/tmp/tmpk_i2n89l']
[2024-04-04T00:27:25.161+0000] {standard_task_runner.py:88} INFO - Job 1543: Subtask sptoify_to_csv
[2024-04-04T00:27:25.236+0000] {task_command.py:423} INFO - Running <TaskInstance: billboard_to_spotify_to_s3_extractionV1.sptoify_to_csv scheduled__2024-04-03T00:00:00+00:00 [running]> on host bdb7303f046f
[2024-04-04T00:27:25.362+0000] {taskinstance.py:2513} INFO - Exporting env vars: AIRFLOW_CTX_DAG_OWNER='Nathaniel Solomon' AIRFLOW_CTX_DAG_ID='billboard_to_spotify_to_s3_extractionV1' AIRFLOW_CTX_TASK_ID='sptoify_to_csv' AIRFLOW_CTX_EXECUTION_DATE='2024-04-03T00:00:00+00:00' AIRFLOW_CTX_TRY_NUMBER='1' AIRFLOW_CTX_DAG_RUN_ID='scheduled__2024-04-03T00:00:00+00:00'
[2024-04-04T00:27:25.379+0000] {logging_mixin.py:188} INFO - GOT THE TOP ARTISTS DAT FROM XCOM
[2024-04-04T00:27:25.380+0000] {logging_mixin.py:188} INFO - GETTING ARTISTS BIO DATA
[2024-04-04T00:27:26.296+0000] {logging_mixin.py:188} INFO - GETTING ARTISTS ALBUMS DATA
[2024-04-04T00:27:26.617+0000] {logging_mixin.py:188} INFO - Taylor Swift has appeared on a total of 383 albums
[2024-04-04T00:27:26.618+0000] {logging_mixin.py:188} INFO -  Now stagging the albums ...
[2024-04-04T00:27:32.539+0000] {logging_mixin.py:188} INFO -  Taylor Swift albums stagged ... 
[2024-04-04T00:27:32.541+0000] {logging_mixin.py:188} INFO -  transforming Taylor Swift albums data ... 
[2024-04-04T00:27:32.541+0000] {logging_mixin.py:188} INFO - GETTING ALBUMS TRACKS DATA
[2024-04-04T00:27:32.862+0000] {logging_mixin.py:188} INFO -  Now stagging the tracks ...
[2024-04-04T00:27:32.863+0000] {logging_mixin.py:188} INFO -  1989 (Taylor's Version) [Deluxe] tracks stagged ... 
[2024-04-04T00:27:32.864+0000] {logging_mixin.py:188} INFO -  transforming 1989 (Taylor's Version) [Deluxe] tracks data ... 
[2024-04-04T00:27:34.559+0000] {logging_mixin.py:188} INFO - GETTING ALBUMS TRACKS DATA
[2024-04-04T00:27:34.779+0000] {logging_mixin.py:188} INFO -  Now stagging the tracks ...
[2024-04-04T00:27:34.780+0000] {logging_mixin.py:188} INFO -  1989 (Taylor's Version) tracks stagged ... 
[2024-04-04T00:27:34.781+0000] {logging_mixin.py:188} INFO -  transforming 1989 (Taylor's Version) tracks data ... 
[2024-04-04T00:27:36.460+0000] {logging_mixin.py:188} INFO - GETTING ALBUMS TRACKS DATA
[2024-04-04T00:27:36.694+0000] {logging_mixin.py:188} INFO -  Now stagging the tracks ...
[2024-04-04T00:27:36.695+0000] {logging_mixin.py:188} INFO -  Speak Now (Taylor's Version) tracks stagged ... 
[2024-04-04T00:27:36.697+0000] {logging_mixin.py:188} INFO -  transforming Speak Now (Taylor's Version) tracks data ... 
[2024-04-04T00:27:38.410+0000] {logging_mixin.py:188} INFO - GETTING ALBUMS TRACKS DATA
[2024-04-04T00:27:38.636+0000] {logging_mixin.py:188} INFO -  Now stagging the tracks ...
[2024-04-04T00:27:38.637+0000] {logging_mixin.py:188} INFO -  Midnights (The Til Dawn Edition) tracks stagged ... 
[2024-04-04T00:27:38.638+0000] {logging_mixin.py:188} INFO -  transforming Midnights (The Til Dawn Edition) tracks data ... 
[2024-04-04T00:27:40.346+0000] {logging_mixin.py:188} INFO - GETTING ALBUMS TRACKS DATA
[2024-04-04T00:27:40.558+0000] {logging_mixin.py:188} INFO -  Now stagging the tracks ...
[2024-04-04T00:27:40.559+0000] {logging_mixin.py:188} INFO -  Midnights (3am Edition) tracks stagged ... 
[2024-04-04T00:27:40.560+0000] {logging_mixin.py:188} INFO -  transforming Midnights (3am Edition) tracks data ... 
[2024-04-04T00:27:42.306+0000] {logging_mixin.py:188} INFO - GETTING ALBUMS TRACKS DATA
[2024-04-04T00:27:42.518+0000] {logging_mixin.py:188} INFO -  Now stagging the tracks ...
[2024-04-04T00:27:42.519+0000] {logging_mixin.py:188} INFO -  Midnights tracks stagged ... 
[2024-04-04T00:27:42.521+0000] {logging_mixin.py:188} INFO -  transforming Midnights tracks data ... 
[2024-04-04T00:27:44.266+0000] {logging_mixin.py:188} INFO - GETTING ALBUMS TRACKS DATA
[2024-04-04T00:27:44.503+0000] {logging_mixin.py:188} INFO -  Now stagging the tracks ...
[2024-04-04T00:27:44.505+0000] {logging_mixin.py:188} INFO -  Red (Taylor's Version) tracks stagged ... 
[2024-04-04T00:27:44.506+0000] {logging_mixin.py:188} INFO -  transforming Red (Taylor's Version) tracks data ... 
[2024-04-04T00:27:46.213+0000] {logging_mixin.py:188} INFO - GETTING ALBUMS TRACKS DATA
[2024-04-04T00:27:46.460+0000] {logging_mixin.py:188} INFO -  Now stagging the tracks ...
[2024-04-04T00:27:46.477+0000] {logging_mixin.py:188} INFO -  Fearless (Taylor's Version) tracks stagged ... 
[2024-04-04T00:27:46.478+0000] {logging_mixin.py:188} INFO -  transforming Fearless (Taylor's Version) tracks data ... 
[2024-04-04T00:27:48.194+0000] {logging_mixin.py:188} INFO - GETTING ALBUMS TRACKS DATA
[2024-04-04T00:27:48.422+0000] {logging_mixin.py:188} INFO -  Now stagging the tracks ...
[2024-04-04T00:27:48.423+0000] {logging_mixin.py:188} INFO -  evermore (deluxe version) tracks stagged ... 
[2024-04-04T00:27:48.424+0000] {logging_mixin.py:188} INFO -  transforming evermore (deluxe version) tracks data ... 
[2024-04-04T00:27:50.163+0000] {logging_mixin.py:188} INFO - GETTING ALBUMS TRACKS DATA
[2024-04-04T00:27:50.373+0000] {logging_mixin.py:188} INFO -  Now stagging the tracks ...
[2024-04-04T00:27:50.374+0000] {logging_mixin.py:188} INFO -  evermore tracks stagged ... 
[2024-04-04T00:27:50.375+0000] {logging_mixin.py:188} INFO -  transforming evermore tracks data ... 
[2024-04-04T00:27:52.094+0000] {logging_mixin.py:188} INFO - DONE WITH Taylor Swift NOW MOVING TO NEXT ARTIST
[2024-04-04T00:27:52.357+0000] {logging_mixin.py:188} INFO - GETTING ARTISTS ALBUMS DATA
[2024-04-04T00:27:52.724+0000] {logging_mixin.py:188} INFO - Future has appeared on a total of 1212 albums
[2024-04-04T00:27:52.727+0000] {logging_mixin.py:188} INFO -  Now stagging the albums ...
[2024-04-04T00:28:09.304+0000] {taskinstance.py:2731} ERROR - Task failed with exception
Traceback (most recent call last):
  File "/home/airflow/.local/lib/python3.8/site-packages/urllib3/connectionpool.py", line 467, in _make_request
    six.raise_from(e, None)
  File "<string>", line 3, in raise_from
  File "/home/airflow/.local/lib/python3.8/site-packages/urllib3/connectionpool.py", line 462, in _make_request
    httplib_response = conn.getresponse()
  File "/usr/local/lib/python3.8/http/client.py", line 1348, in getresponse
    response.begin()
  File "/usr/local/lib/python3.8/http/client.py", line 316, in begin
    version, status, reason = self._read_status()
  File "/usr/local/lib/python3.8/http/client.py", line 277, in _read_status
    line = str(self.fp.readline(_MAXLINE + 1), "iso-8859-1")
  File "/usr/local/lib/python3.8/socket.py", line 669, in readinto
    return self._sock.recv_into(b)
  File "/usr/local/lib/python3.8/ssl.py", line 1274, in recv_into
    return self.read(nbytes, buffer)
  File "/usr/local/lib/python3.8/ssl.py", line 1132, in read
    return self._sslobj.read(len, buffer)
socket.timeout: The read operation timed out

During handling of the above exception, another exception occurred:

Traceback (most recent call last):
  File "/home/airflow/.local/lib/python3.8/site-packages/requests/adapters.py", line 486, in send
    resp = conn.urlopen(
  File "/home/airflow/.local/lib/python3.8/site-packages/urllib3/connectionpool.py", line 799, in urlopen
    retries = retries.increment(
  File "/home/airflow/.local/lib/python3.8/site-packages/urllib3/util/retry.py", line 550, in increment
    raise six.reraise(type(error), error, _stacktrace)
  File "/home/airflow/.local/lib/python3.8/site-packages/urllib3/packages/six.py", line 770, in reraise
    raise value
  File "/home/airflow/.local/lib/python3.8/site-packages/urllib3/connectionpool.py", line 715, in urlopen
    httplib_response = self._make_request(
  File "/home/airflow/.local/lib/python3.8/site-packages/urllib3/connectionpool.py", line 469, in _make_request
    self._raise_timeout(err=e, url=url, timeout_value=read_timeout)
  File "/home/airflow/.local/lib/python3.8/site-packages/urllib3/connectionpool.py", line 358, in _raise_timeout
    raise ReadTimeoutError(
urllib3.exceptions.ReadTimeoutError: HTTPSConnectionPool(host='api.spotify.com', port=443): Read timed out. (read timeout=5)

During handling of the above exception, another exception occurred:

Traceback (most recent call last):
  File "/home/airflow/.local/lib/python3.8/site-packages/airflow/models/taskinstance.py", line 444, in _execute_task
    result = _execute_callable(context=context, **execute_callable_kwargs)
  File "/home/airflow/.local/lib/python3.8/site-packages/airflow/models/taskinstance.py", line 414, in _execute_callable
    return execute_callable(context=context, **execute_callable_kwargs)
  File "/home/airflow/.local/lib/python3.8/site-packages/airflow/operators/python.py", line 200, in execute
    return_value = self.execute_callable()
  File "/home/airflow/.local/lib/python3.8/site-packages/airflow/operators/python.py", line 217, in execute_callable
    return self.python_callable(*self.op_args, **self.op_kwargs)
  File "/opt/airflow/dags/billboard_to_spotify_to_csvs_to_s3.py", line 118, in Spotify_to_CSV
    artist_albm = sp.next(artist_albm)
  File "/home/airflow/.local/lib/python3.8/site-packages/spotipy/client.py", line 347, in next
    return self._get(result["next"])
  File "/home/airflow/.local/lib/python3.8/site-packages/spotipy/client.py", line 323, in _get
    return self._internal_call("GET", url, payload, kwargs)
  File "/home/airflow/.local/lib/python3.8/site-packages/spotipy/client.py", line 266, in _internal_call
    response = self._session.request(
  File "/home/airflow/.local/lib/python3.8/site-packages/requests/sessions.py", line 589, in request
    resp = self.send(prep, **send_kwargs)
  File "/home/airflow/.local/lib/python3.8/site-packages/requests/sessions.py", line 703, in send
    r = adapter.send(request, **kwargs)
  File "/home/airflow/.local/lib/python3.8/site-packages/requests/adapters.py", line 532, in send
    raise ReadTimeout(e, request=request)
requests.exceptions.ReadTimeout: HTTPSConnectionPool(host='api.spotify.com', port=443): Read timed out. (read timeout=5)
[2024-04-04T00:28:09.423+0000] {taskinstance.py:1149} INFO - Marking task as UP_FOR_RETRY. dag_id=billboard_to_spotify_to_s3_extractionV1, task_id=sptoify_to_csv, execution_date=20240403T000000, start_date=20240404T002725, end_date=20240404T002809
[2024-04-04T00:28:09.492+0000] {standard_task_runner.py:107} ERROR - Failed to execute job 1543 for task sptoify_to_csv (HTTPSConnectionPool(host='api.spotify.com', port=443): Read timed out. (read timeout=5); 34161)
[2024-04-04T00:28:09.677+0000] {local_task_job_runner.py:234} INFO - Task exited with return code 1
[2024-04-04T00:28:09.751+0000] {taskinstance.py:3312} INFO - 0 downstream tasks scheduled from follow-on schedule check
