[2024-03-29T01:18:58.530+0000] {taskinstance.py:1979} INFO - Dependencies all met for dep_context=non-requeueable deps ti=<TaskInstance: billboard_to_spotify_to_s3_extractionV1.sptoify_to_csv scheduled__2024-03-28T00:00:00+00:00 [queued]>
[2024-03-29T01:18:58.547+0000] {taskinstance.py:1979} INFO - Dependencies all met for dep_context=requeueable deps ti=<TaskInstance: billboard_to_spotify_to_s3_extractionV1.sptoify_to_csv scheduled__2024-03-28T00:00:00+00:00 [queued]>
[2024-03-29T01:18:58.548+0000] {taskinstance.py:2193} INFO - Starting attempt 6 of 6
[2024-03-29T01:18:58.567+0000] {taskinstance.py:2217} INFO - Executing <Task(PythonOperator): sptoify_to_csv> on 2024-03-28 00:00:00+00:00
[2024-03-29T01:18:58.576+0000] {standard_task_runner.py:60} INFO - Started process 1710 to run task
[2024-03-29T01:18:58.582+0000] {standard_task_runner.py:87} INFO - Running: ['***', 'tasks', 'run', 'billboard_to_spotify_to_s3_extractionV1', 'sptoify_to_csv', 'scheduled__2024-03-28T00:00:00+00:00', '--job-id', '1494', '--raw', '--subdir', 'DAGS_FOLDER/billboard_to_spotify_to_csvs_to_s3.py', '--cfg-path', '/tmp/tmp991sav03']
[2024-03-29T01:18:58.586+0000] {standard_task_runner.py:88} INFO - Job 1494: Subtask sptoify_to_csv
[2024-03-29T01:18:58.657+0000] {task_command.py:423} INFO - Running <TaskInstance: billboard_to_spotify_to_s3_extractionV1.sptoify_to_csv scheduled__2024-03-28T00:00:00+00:00 [running]> on host bc244bd8b198
[2024-03-29T01:18:58.774+0000] {taskinstance.py:2513} INFO - Exporting env vars: AIRFLOW_CTX_DAG_OWNER='Nathaniel Solomon' AIRFLOW_CTX_DAG_ID='billboard_to_spotify_to_s3_extractionV1' AIRFLOW_CTX_TASK_ID='sptoify_to_csv' AIRFLOW_CTX_EXECUTION_DATE='2024-03-28T00:00:00+00:00' AIRFLOW_CTX_TRY_NUMBER='6' AIRFLOW_CTX_DAG_RUN_ID='scheduled__2024-03-28T00:00:00+00:00'
[2024-03-29T01:18:58.794+0000] {logging_mixin.py:188} INFO - GOT THE TOP ARTISTS DAT FROM XCOM
[2024-03-29T01:18:58.795+0000] {logging_mixin.py:188} INFO - GETTING ARTISTS BIO DATA
[2024-03-29T01:18:59.522+0000] {logging_mixin.py:188} INFO - GETTING ARTISTS ALBUMS DATA
[2024-03-29T01:18:59.931+0000] {logging_mixin.py:188} INFO - Taylor Swift has appeared on a total of 385 albums
[2024-03-29T01:18:59.933+0000] {logging_mixin.py:188} INFO -  Now stagging the albums ...
[2024-03-29T01:19:05.745+0000] {logging_mixin.py:188} INFO -  Taylor Swift albums stagged ... 
[2024-03-29T01:19:05.746+0000] {logging_mixin.py:188} INFO -  transforming Taylor Swift albums data ... 
[2024-03-29T01:19:05.747+0000] {logging_mixin.py:188} INFO - GETTING ALBUMS TRACKS DATA
[2024-03-29T01:19:06.075+0000] {logging_mixin.py:188} INFO -  Now stagging the tracks ...
[2024-03-29T01:19:06.076+0000] {logging_mixin.py:188} INFO -  1989 (Taylor's Version) [Deluxe] tracks stagged ... 
[2024-03-29T01:19:06.077+0000] {logging_mixin.py:188} INFO -  transforming 1989 (Taylor's Version) [Deluxe] tracks data ... 
[2024-03-29T01:19:06.078+0000] {logging_mixin.py:188} INFO - i am here
[2024-03-29T01:19:08.516+0000] {client.py:302} ERROR - Max Retries reached
[2024-03-29T01:19:08.518+0000] {taskinstance.py:2731} ERROR - Task failed with exception
Traceback (most recent call last):
  File "/home/airflow/.local/lib/python3.8/site-packages/requests/adapters.py", line 486, in send
    resp = conn.urlopen(
  File "/home/airflow/.local/lib/python3.8/site-packages/urllib3/connectionpool.py", line 894, in urlopen
    return self.urlopen(
  File "/home/airflow/.local/lib/python3.8/site-packages/urllib3/connectionpool.py", line 894, in urlopen
    return self.urlopen(
  File "/home/airflow/.local/lib/python3.8/site-packages/urllib3/connectionpool.py", line 894, in urlopen
    return self.urlopen(
  File "/home/airflow/.local/lib/python3.8/site-packages/urllib3/connectionpool.py", line 884, in urlopen
    retries = retries.increment(method, url, response=response, _pool=self)
  File "/home/airflow/.local/lib/python3.8/site-packages/urllib3/util/retry.py", line 592, in increment
    raise MaxRetryError(_pool, url, error or ResponseError(cause))
urllib3.exceptions.MaxRetryError: HTTPSConnectionPool(host='api.spotify.com', port=443): Max retries exceeded with url: /v1/audio-features/?ids=4WUepByoeqcedHoYhSNHRt (Caused by ResponseError('too many 429 error responses'))

During handling of the above exception, another exception occurred:

Traceback (most recent call last):
  File "/home/airflow/.local/lib/python3.8/site-packages/spotipy/client.py", line 266, in _internal_call
    response = self._session.request(
  File "/home/airflow/.local/lib/python3.8/site-packages/requests/sessions.py", line 589, in request
    resp = self.send(prep, **send_kwargs)
  File "/home/airflow/.local/lib/python3.8/site-packages/requests/sessions.py", line 703, in send
    r = adapter.send(request, **kwargs)
  File "/home/airflow/.local/lib/python3.8/site-packages/requests/adapters.py", line 510, in send
    raise RetryError(e, request=request)
requests.exceptions.RetryError: HTTPSConnectionPool(host='api.spotify.com', port=443): Max retries exceeded with url: /v1/audio-features/?ids=4WUepByoeqcedHoYhSNHRt (Caused by ResponseError('too many 429 error responses'))

During handling of the above exception, another exception occurred:

Traceback (most recent call last):
  File "/home/airflow/.local/lib/python3.8/site-packages/airflow/models/taskinstance.py", line 444, in _execute_task
    result = _execute_callable(context=context, **execute_callable_kwargs)
  File "/home/airflow/.local/lib/python3.8/site-packages/airflow/models/taskinstance.py", line 414, in _execute_callable
    return execute_callable(context=context, **execute_callable_kwargs)
  File "/home/airflow/.local/lib/python3.8/site-packages/airflow/operators/python.py", line 200, in execute
    return_value = self.execute_callable()
  File "/home/airflow/.local/lib/python3.8/site-packages/airflow/operators/python.py", line 217, in execute_callable
    return self.python_callable(*self.op_args, **self.op_kwargs)
  File "/opt/airflow/dags/billboard_to_spotify_to_csvs_to_s3.py", line 156, in Spotify_to_CSV
    track_features = sp.audio_features(track['uri'])
  File "/home/airflow/.local/lib/python3.8/site-packages/spotipy/client.py", line 1734, in audio_features
    results = self._get("audio-features/?ids=" + trackid)
  File "/home/airflow/.local/lib/python3.8/site-packages/spotipy/client.py", line 323, in _get
    return self._internal_call("GET", url, payload, kwargs)
  File "/home/airflow/.local/lib/python3.8/site-packages/spotipy/client.py", line 307, in _internal_call
    raise SpotifyException(
spotipy.exceptions.SpotifyException: http status: 429, code:-1 - /v1/audio-features/?ids=4WUepByoeqcedHoYhSNHRt:
 Max Retries, reason: too many 429 error responses
[2024-03-29T01:19:08.537+0000] {taskinstance.py:1149} INFO - Marking task as FAILED. dag_id=billboard_to_spotify_to_s3_extractionV1, task_id=sptoify_to_csv, execution_date=20240328T000000, start_date=20240329T011858, end_date=20240329T011908
[2024-03-29T01:19:08.558+0000] {standard_task_runner.py:107} ERROR - Failed to execute job 1494 for task sptoify_to_csv (http status: 429, code:-1 - /v1/audio-features/?ids=4WUepByoeqcedHoYhSNHRt:
 Max Retries, reason: too many 429 error responses; 1710)
[2024-03-29T01:19:08.584+0000] {local_task_job_runner.py:234} INFO - Task exited with return code 1
[2024-03-29T01:19:08.618+0000] {taskinstance.py:3312} INFO - 0 downstream tasks scheduled from follow-on schedule check
