[2024-03-22T18:50:12.444+0000] {taskinstance.py:1979} INFO - Dependencies all met for dep_context=non-requeueable deps ti=<TaskInstance: spotify_to_s3_data_extraction_v1.sptoify_to_csv scheduled__2024-03-21T05:16:00+00:00 [queued]>
[2024-03-22T18:50:12.622+0000] {taskinstance.py:1979} INFO - Dependencies all met for dep_context=requeueable deps ti=<TaskInstance: spotify_to_s3_data_extraction_v1.sptoify_to_csv scheduled__2024-03-21T05:16:00+00:00 [queued]>
[2024-03-22T18:50:12.625+0000] {taskinstance.py:2193} INFO - Starting attempt 9 of 12
[2024-03-22T18:50:12.768+0000] {taskinstance.py:2217} INFO - Executing <Task(PythonOperator): sptoify_to_csv> on 2024-03-21 05:16:00+00:00
[2024-03-22T18:50:12.786+0000] {standard_task_runner.py:60} INFO - Started process 7190 to run task
[2024-03-22T18:50:12.886+0000] {standard_task_runner.py:87} INFO - Running: ['***', 'tasks', 'run', 'spotify_to_s3_data_extraction_v1', 'sptoify_to_csv', 'scheduled__2024-03-21T05:16:00+00:00', '--job-id', '1232', '--raw', '--subdir', 'DAGS_FOLDER/spotify_to_csvs_to_s3.py', '--cfg-path', '/tmp/tmpq58qys30']
[2024-03-22T18:50:12.894+0000] {standard_task_runner.py:88} INFO - Job 1232: Subtask sptoify_to_csv
[2024-03-22T18:50:13.283+0000] {task_command.py:423} INFO - Running <TaskInstance: spotify_to_s3_data_extraction_v1.sptoify_to_csv scheduled__2024-03-21T05:16:00+00:00 [running]> on host ca1809388db1
[2024-03-22T18:50:13.708+0000] {taskinstance.py:2513} INFO - Exporting env vars: AIRFLOW_CTX_DAG_OWNER='Nathaniel Solomon' AIRFLOW_CTX_DAG_ID='spotify_to_s3_data_extraction_v1' AIRFLOW_CTX_TASK_ID='sptoify_to_csv' AIRFLOW_CTX_EXECUTION_DATE='2024-03-21T05:16:00+00:00' AIRFLOW_CTX_TRY_NUMBER='9' AIRFLOW_CTX_DAG_RUN_ID='scheduled__2024-03-21T05:16:00+00:00'
[2024-03-22T18:50:13.719+0000] {logging_mixin.py:188} INFO - The extract function has been executed and this is data in the next line
[2024-03-22T18:50:13.737+0000] {logging_mixin.py:188} INFO - Initiating the Endpoint...
[2024-03-22T18:50:16.051+0000] {logging_mixin.py:188} INFO - Extracting other available tracks
[2024-03-22T18:50:27.950+0000] {logging_mixin.py:188} INFO - Adding the values of index 0 into the appropriate Keys...
[2024-03-23T01:54:16.538+0000] {taskinstance.py:1969} INFO - Dependencies not met for <TaskInstance: spotify_to_s3_data_extraction_v1.sptoify_to_csv scheduled__2024-03-21T05:16:00+00:00 [running]>, dependency 'Task Instance Not Running' FAILED: Task is in the running state
[2024-03-23T01:54:16.539+0000] {taskinstance.py:1969} INFO - Dependencies not met for <TaskInstance: spotify_to_s3_data_extraction_v1.sptoify_to_csv scheduled__2024-03-21T05:16:00+00:00 [running]>, dependency 'Task Instance State' FAILED: Task is in the 'running' state.
[2024-03-23T01:54:16.542+0000] {local_task_job_runner.py:160} INFO - Task is not able to be run
[2024-03-24T04:34:56.981+0000] {client.py:288} ERROR - HTTP Error for GET to https://api.spotify.com/v1/artists/2Bsg9FY7CdBqqarv6509hr with Params: {} returned 401 due to The access token expired
[2024-03-24T04:34:57.041+0000] {taskinstance.py:2731} ERROR - Task failed with exception
Traceback (most recent call last):
  File "/home/airflow/.local/lib/python3.8/site-packages/spotipy/client.py", line 271, in _internal_call
    response.raise_for_status()
  File "/home/airflow/.local/lib/python3.8/site-packages/requests/models.py", line 1021, in raise_for_status
    raise HTTPError(http_error_msg, response=self)
requests.exceptions.HTTPError: 401 Client Error: Unauthorized for url: https://api.spotify.com/v1/artists/2Bsg9FY7CdBqqarv6509hr

During handling of the above exception, another exception occurred:

Traceback (most recent call last):
  File "/home/airflow/.local/lib/python3.8/site-packages/airflow/models/taskinstance.py", line 444, in _execute_task
    result = _execute_callable(context=context, **execute_callable_kwargs)
  File "/home/airflow/.local/lib/python3.8/site-packages/airflow/models/taskinstance.py", line 414, in _execute_callable
    return execute_callable(context=context, **execute_callable_kwargs)
  File "/home/airflow/.local/lib/python3.8/site-packages/airflow/operators/python.py", line 200, in execute
    return_value = self.execute_callable()
  File "/home/airflow/.local/lib/python3.8/site-packages/airflow/operators/python.py", line 217, in execute_callable
    return self.python_callable(*self.op_args, **self.op_kwargs)
  File "/opt/airflow/dags/spotify_to_csvs_to_s3.py", line 110, in Spotify_to_CSV
    data['Artist_Genres'].append(sp.artist(track['artists'][0]['id'])['genres'])
  File "/home/airflow/.local/lib/python3.8/site-packages/spotipy/client.py", line 392, in artist
    return self._get("artists/" + trid)
  File "/home/airflow/.local/lib/python3.8/site-packages/spotipy/client.py", line 323, in _get
    return self._internal_call("GET", url, payload, kwargs)
  File "/home/airflow/.local/lib/python3.8/site-packages/spotipy/client.py", line 293, in _internal_call
    raise SpotifyException(
spotipy.exceptions.SpotifyException: http status: 401, code:-1 - https://api.spotify.com/v1/artists/2Bsg9FY7CdBqqarv6509hr:
 The access token expired, reason: None
[2024-03-24T04:34:57.153+0000] {taskinstance.py:1149} INFO - Marking task as UP_FOR_RETRY. dag_id=spotify_to_s3_data_extraction_v1, task_id=sptoify_to_csv, execution_date=20240321T051600, start_date=20240322T185012, end_date=20240324T043457
[2024-03-24T04:34:57.253+0000] {standard_task_runner.py:107} ERROR - Failed to execute job 1232 for task sptoify_to_csv (http status: 401, code:-1 - https://api.spotify.com/v1/artists/2Bsg9FY7CdBqqarv6509hr:
 The access token expired, reason: None; 7190)
[2024-03-24T04:34:57.321+0000] {local_task_job_runner.py:234} INFO - Task exited with return code 1
[2024-03-24T04:34:57.464+0000] {taskinstance.py:3312} INFO - 0 downstream tasks scheduled from follow-on schedule check
