[2024-04-10T00:24:53.480+0000] {taskinstance.py:1979} INFO - Dependencies all met for dep_context=non-requeueable deps ti=<TaskInstance: billboard_to_spotify_to_s3_extractionV1.upload_csv_to_s3 scheduled__2024-04-09T00:00:00+00:00 [queued]>
[2024-04-10T00:24:53.488+0000] {taskinstance.py:1979} INFO - Dependencies all met for dep_context=requeueable deps ti=<TaskInstance: billboard_to_spotify_to_s3_extractionV1.upload_csv_to_s3 scheduled__2024-04-09T00:00:00+00:00 [queued]>
[2024-04-10T00:24:53.489+0000] {taskinstance.py:2193} INFO - Starting attempt 5 of 6
[2024-04-10T00:24:53.500+0000] {taskinstance.py:2217} INFO - Executing <Task(PythonOperator): upload_csv_to_s3> on 2024-04-09 00:00:00+00:00
[2024-04-10T00:24:53.507+0000] {standard_task_runner.py:60} INFO - Started process 57552 to run task
[2024-04-10T00:24:53.511+0000] {standard_task_runner.py:87} INFO - Running: ['***', 'tasks', 'run', 'billboard_to_spotify_to_s3_extractionV1', 'upload_csv_to_s3', 'scheduled__2024-04-09T00:00:00+00:00', '--job-id', '1593', '--raw', '--subdir', 'DAGS_FOLDER/billboard_to_spotify_to_csvs_to_s3.py', '--cfg-path', '/tmp/tmpieidv3u_']
[2024-04-10T00:24:53.513+0000] {standard_task_runner.py:88} INFO - Job 1593: Subtask upload_csv_to_s3
[2024-04-10T00:24:53.556+0000] {task_command.py:423} INFO - Running <TaskInstance: billboard_to_spotify_to_s3_extractionV1.upload_csv_to_s3 scheduled__2024-04-09T00:00:00+00:00 [running]> on host bdb7303f046f
[2024-04-10T00:24:53.633+0000] {taskinstance.py:2513} INFO - Exporting env vars: AIRFLOW_CTX_DAG_OWNER='Nathaniel Solomon' AIRFLOW_CTX_DAG_ID='billboard_to_spotify_to_s3_extractionV1' AIRFLOW_CTX_TASK_ID='upload_csv_to_s3' AIRFLOW_CTX_EXECUTION_DATE='2024-04-09T00:00:00+00:00' AIRFLOW_CTX_TRY_NUMBER='5' AIRFLOW_CTX_DAG_RUN_ID='scheduled__2024-04-09T00:00:00+00:00'
[2024-04-10T00:24:53.635+0000] {logging_mixin.py:188} INFO - created a prefix
[2024-04-10T00:24:53.645+0000] {base.py:83} INFO - Using connection ID 'aws_conn' for task execution.
[2024-04-10T00:24:53.646+0000] {connection_wrapper.py:384} INFO - AWS Connection (conn_id='aws_conn', conn_type='aws') credentials retrieved from login and password.
[2024-04-10T00:24:55.010+0000] {taskinstance.py:2731} ERROR - Task failed with exception
Traceback (most recent call last):
  File "/home/airflow/.local/lib/python3.8/site-packages/boto3/s3/transfer.py", line 371, in upload_file
    future.result()
  File "/home/airflow/.local/lib/python3.8/site-packages/s3transfer/futures.py", line 103, in result
    return self._coordinator.result()
  File "/home/airflow/.local/lib/python3.8/site-packages/s3transfer/futures.py", line 266, in result
    raise self._exception
  File "/home/airflow/.local/lib/python3.8/site-packages/s3transfer/tasks.py", line 139, in __call__
    return self._execute_main(kwargs)
  File "/home/airflow/.local/lib/python3.8/site-packages/s3transfer/tasks.py", line 162, in _execute_main
    return_value = self._main(**kwargs)
  File "/home/airflow/.local/lib/python3.8/site-packages/s3transfer/upload.py", line 764, in _main
    client.put_object(Bucket=bucket, Key=key, Body=body, **extra_args)
  File "/home/airflow/.local/lib/python3.8/site-packages/botocore/client.py", line 553, in _api_call
    return self._make_api_call(operation_name, kwargs)
  File "/home/airflow/.local/lib/python3.8/site-packages/botocore/client.py", line 1009, in _make_api_call
    raise error_class(parsed_response, operation_name)
botocore.exceptions.ClientError: An error occurred (AccessDenied) when calling the PutObject operation: Access Denied

During handling of the above exception, another exception occurred:

Traceback (most recent call last):
  File "/home/airflow/.local/lib/python3.8/site-packages/airflow/models/taskinstance.py", line 444, in _execute_task
    result = _execute_callable(context=context, **execute_callable_kwargs)
  File "/home/airflow/.local/lib/python3.8/site-packages/airflow/models/taskinstance.py", line 414, in _execute_callable
    return execute_callable(context=context, **execute_callable_kwargs)
  File "/home/airflow/.local/lib/python3.8/site-packages/airflow/operators/python.py", line 200, in execute
    return_value = self.execute_callable()
  File "/home/airflow/.local/lib/python3.8/site-packages/airflow/operators/python.py", line 217, in execute_callable
    return self.python_callable(*self.op_args, **self.op_kwargs)
  File "/opt/airflow/dags/billboard_to_spotify_to_csvs_to_s3.py", line 271, in upload_csv_to_s3
    s3_hook.load_file(
  File "/home/airflow/.local/lib/python3.8/site-packages/airflow/providers/amazon/aws/hooks/s3.py", line 137, in wrapper
    return func(*bound_args.args, **bound_args.kwargs)
  File "/home/airflow/.local/lib/python3.8/site-packages/airflow/providers/amazon/aws/hooks/s3.py", line 91, in wrapper
    return func(*bound_args.args, **bound_args.kwargs)
  File "/home/airflow/.local/lib/python3.8/site-packages/airflow/providers/amazon/aws/hooks/s3.py", line 1104, in load_file
    client.upload_file(filename, bucket_name, key, ExtraArgs=extra_args, Config=self.transfer_config)
  File "/home/airflow/.local/lib/python3.8/site-packages/boto3/s3/inject.py", line 145, in upload_file
    return transfer.upload_file(
  File "/home/airflow/.local/lib/python3.8/site-packages/boto3/s3/transfer.py", line 377, in upload_file
    raise S3UploadFailedError(
boto3.exceptions.S3UploadFailedError: Failed to upload csv_data/albums_table.csv to 10alytics-cap-bucket/10alyticsCapstone/2024-04-10/albums_table.csv: An error occurred (AccessDenied) when calling the PutObject operation: Access Denied
[2024-04-10T00:24:55.021+0000] {taskinstance.py:1149} INFO - Marking task as UP_FOR_RETRY. dag_id=billboard_to_spotify_to_s3_extractionV1, task_id=upload_csv_to_s3, execution_date=20240409T000000, start_date=20240410T002453, end_date=20240410T002455
[2024-04-10T00:24:55.037+0000] {standard_task_runner.py:107} ERROR - Failed to execute job 1593 for task upload_csv_to_s3 (Failed to upload csv_data/albums_table.csv to 10alytics-cap-bucket/10alyticsCapstone/2024-04-10/albums_table.csv: An error occurred (AccessDenied) when calling the PutObject operation: Access Denied; 57552)
[2024-04-10T00:24:55.056+0000] {local_task_job_runner.py:234} INFO - Task exited with return code 1
[2024-04-10T00:24:55.070+0000] {taskinstance.py:3312} INFO - 0 downstream tasks scheduled from follow-on schedule check
