[2024-04-10T01:08:12.545+0000] {taskinstance.py:1979} INFO - Dependencies all met for dep_context=non-requeueable deps ti=<TaskInstance: billboard_to_spotify_to_s3_extractionV1.sptoify_to_csv scheduled__2024-03-30T00:00:00+00:00 [queued]>
[2024-04-10T01:08:12.561+0000] {taskinstance.py:1979} INFO - Dependencies all met for dep_context=requeueable deps ti=<TaskInstance: billboard_to_spotify_to_s3_extractionV1.sptoify_to_csv scheduled__2024-03-30T00:00:00+00:00 [queued]>
[2024-04-10T01:08:12.563+0000] {taskinstance.py:2193} INFO - Starting attempt 1 of 6
[2024-04-10T01:08:12.585+0000] {taskinstance.py:2217} INFO - Executing <Task(PythonOperator): sptoify_to_csv> on 2024-03-30 00:00:00+00:00
[2024-04-10T01:08:12.596+0000] {standard_task_runner.py:60} INFO - Started process 86 to run task
[2024-04-10T01:08:12.628+0000] {standard_task_runner.py:87} INFO - Running: ['***', 'tasks', 'run', 'billboard_to_spotify_to_s3_extractionV1', 'sptoify_to_csv', 'scheduled__2024-03-30T00:00:00+00:00', '--job-id', '1599', '--raw', '--subdir', 'DAGS_FOLDER/billboard_to_spotify_to_csvs_to_s3.py', '--cfg-path', '/tmp/tmp_03phz74']
[2024-04-10T01:08:12.679+0000] {standard_task_runner.py:88} INFO - Job 1599: Subtask sptoify_to_csv
[2024-04-10T01:08:12.902+0000] {task_command.py:423} INFO - Running <TaskInstance: billboard_to_spotify_to_s3_extractionV1.sptoify_to_csv scheduled__2024-03-30T00:00:00+00:00 [running]> on host 66d8d046c9ac
[2024-04-10T01:08:13.173+0000] {taskinstance.py:2513} INFO - Exporting env vars: AIRFLOW_CTX_DAG_OWNER='Nathaniel Solomon' AIRFLOW_CTX_DAG_ID='billboard_to_spotify_to_s3_extractionV1' AIRFLOW_CTX_TASK_ID='sptoify_to_csv' AIRFLOW_CTX_EXECUTION_DATE='2024-03-30T00:00:00+00:00' AIRFLOW_CTX_TRY_NUMBER='1' AIRFLOW_CTX_DAG_RUN_ID='scheduled__2024-03-30T00:00:00+00:00'
[2024-04-10T01:08:13.240+0000] {logging_mixin.py:188} INFO - GOT THE TOP ARTISTS DAT FROM XCOM
[2024-04-10T01:08:13.241+0000] {logging_mixin.py:188} INFO - GETTING ARTISTS BIO DATA
[2024-04-10T01:08:13.988+0000] {logging_mixin.py:188} INFO - GETTING ARTISTS ALBUMS DATA
[2024-04-10T01:08:14.314+0000] {logging_mixin.py:188} INFO - Beyoncé has appeared on a total of 258 albums
[2024-04-10T01:08:14.315+0000] {logging_mixin.py:188} INFO -  Now stagging the albums ...
[2024-04-10T01:08:17.978+0000] {logging_mixin.py:188} INFO -  Beyoncé albums stagged ... 
[2024-04-10T01:08:17.979+0000] {logging_mixin.py:188} INFO -  transforming Beyoncé albums data ... 
[2024-04-10T01:08:17.980+0000] {logging_mixin.py:188} INFO - GETTING ALBUMS TRACKS DATA
[2024-04-10T01:08:18.233+0000] {logging_mixin.py:188} INFO -  Now stagging the tracks ...
[2024-04-10T01:08:18.234+0000] {logging_mixin.py:188} INFO -  COWBOY CARTER tracks stagged ... 
[2024-04-10T01:08:18.234+0000] {logging_mixin.py:188} INFO -  transforming COWBOY CARTER tracks data ... 
[2024-04-10T01:08:19.764+0000] {logging_mixin.py:188} INFO - GETTING ALBUMS TRACKS DATA
[2024-04-10T01:08:19.978+0000] {logging_mixin.py:188} INFO -  Now stagging the tracks ...
[2024-04-10T01:08:19.979+0000] {logging_mixin.py:188} INFO -  RENAISSANCE tracks stagged ... 
[2024-04-10T01:08:19.981+0000] {logging_mixin.py:188} INFO -  transforming RENAISSANCE tracks data ... 
[2024-04-10T01:08:21.554+0000] {logging_mixin.py:188} INFO - GETTING ALBUMS TRACKS DATA
[2024-04-10T01:08:21.766+0000] {logging_mixin.py:188} INFO -  Now stagging the tracks ...
[2024-04-10T01:08:21.767+0000] {logging_mixin.py:188} INFO -  The Lion King: The Gift [Deluxe Edition] tracks stagged ... 
[2024-04-10T01:08:21.767+0000] {logging_mixin.py:188} INFO -  transforming The Lion King: The Gift [Deluxe Edition] tracks data ... 
[2024-04-10T01:08:23.328+0000] {logging_mixin.py:188} INFO - GETTING ALBUMS TRACKS DATA
[2024-04-10T01:08:23.609+0000] {logging_mixin.py:188} INFO -  Now stagging the tracks ...
[2024-04-10T01:08:23.610+0000] {logging_mixin.py:188} INFO -  The Lion King: The Gift tracks stagged ... 
[2024-04-10T01:08:23.611+0000] {logging_mixin.py:188} INFO -  transforming The Lion King: The Gift tracks data ... 
[2024-04-10T01:08:26.298+0000] {logging_mixin.py:188} INFO - GETTING ALBUMS TRACKS DATA
[2024-04-10T01:08:26.577+0000] {logging_mixin.py:188} INFO -  Now stagging the tracks ...
[2024-04-10T01:08:26.578+0000] {logging_mixin.py:188} INFO -  HOMECOMING: THE LIVE ALBUM tracks stagged ... 
[2024-04-10T01:08:26.579+0000] {logging_mixin.py:188} INFO -  transforming HOMECOMING: THE LIVE ALBUM tracks data ... 
[2024-04-10T01:08:28.166+0000] {logging_mixin.py:188} INFO - GETTING ALBUMS TRACKS DATA
[2024-04-10T01:08:28.364+0000] {logging_mixin.py:188} INFO -  Now stagging the tracks ...
[2024-04-10T01:08:28.365+0000] {logging_mixin.py:188} INFO -  Lemonade tracks stagged ... 
[2024-04-10T01:08:28.366+0000] {logging_mixin.py:188} INFO -  transforming Lemonade tracks data ... 
[2024-04-10T01:08:29.868+0000] {logging_mixin.py:188} INFO - GETTING ALBUMS TRACKS DATA
[2024-04-10T01:08:30.113+0000] {logging_mixin.py:188} INFO -  Now stagging the tracks ...
[2024-04-10T01:08:30.119+0000] {logging_mixin.py:188} INFO -  BEYONCÉ [Platinum Edition] tracks stagged ... 
[2024-04-10T01:08:30.121+0000] {logging_mixin.py:188} INFO -  transforming BEYONCÉ [Platinum Edition] tracks data ... 
[2024-04-10T01:08:31.735+0000] {logging_mixin.py:188} INFO - GETTING ALBUMS TRACKS DATA
[2024-04-10T01:08:31.945+0000] {logging_mixin.py:188} INFO -  Now stagging the tracks ...
[2024-04-10T01:08:31.946+0000] {logging_mixin.py:188} INFO -  4 tracks stagged ... 
[2024-04-10T01:08:31.946+0000] {logging_mixin.py:188} INFO -  transforming 4 tracks data ... 
[2024-04-10T01:08:34.650+0000] {logging_mixin.py:188} INFO - GETTING ALBUMS TRACKS DATA
[2024-04-10T01:08:35.059+0000] {logging_mixin.py:188} INFO -  Now stagging the tracks ...
[2024-04-10T01:08:35.061+0000] {logging_mixin.py:188} INFO -  I Am...World Tour tracks stagged ... 
[2024-04-10T01:08:35.063+0000] {logging_mixin.py:188} INFO -  transforming I Am...World Tour tracks data ... 
[2024-04-10T01:08:36.648+0000] {logging_mixin.py:188} INFO - GETTING ALBUMS TRACKS DATA
[2024-04-10T01:08:36.907+0000] {logging_mixin.py:188} INFO -  Now stagging the tracks ...
[2024-04-10T01:08:36.927+0000] {logging_mixin.py:188} INFO -  I AM...SASHA FIERCE tracks stagged ... 
[2024-04-10T01:08:36.973+0000] {logging_mixin.py:188} INFO -  transforming I AM...SASHA FIERCE tracks data ... 
[2024-04-10T01:08:45.304+0000] {logging_mixin.py:188} INFO - DONE WITH Beyoncé NOW MOVING TO NEXT ARTIST
[2024-04-10T01:08:45.507+0000] {logging_mixin.py:188} INFO - GETTING ARTISTS ALBUMS DATA
[2024-04-10T01:08:45.875+0000] {logging_mixin.py:188} INFO - Taylor Swift has appeared on a total of 382 albums
[2024-04-10T01:08:45.880+0000] {logging_mixin.py:188} INFO -  Now stagging the albums ...
[2024-04-10T01:08:55.785+0000] {logging_mixin.py:188} INFO -  Taylor Swift albums stagged ... 
[2024-04-10T01:08:55.787+0000] {logging_mixin.py:188} INFO -  transforming Taylor Swift albums data ... 
[2024-04-10T01:08:55.788+0000] {logging_mixin.py:188} INFO - GETTING ALBUMS TRACKS DATA
[2024-04-10T01:08:56.010+0000] {logging_mixin.py:188} INFO -  Now stagging the tracks ...
[2024-04-10T01:08:56.019+0000] {logging_mixin.py:188} INFO -  1989 (Taylor's Version) [Deluxe] tracks stagged ... 
[2024-04-10T01:08:56.041+0000] {logging_mixin.py:188} INFO -  transforming 1989 (Taylor's Version) [Deluxe] tracks data ... 
[2024-04-10T01:08:57.611+0000] {logging_mixin.py:188} INFO - GETTING ALBUMS TRACKS DATA
[2024-04-10T01:08:57.841+0000] {logging_mixin.py:188} INFO -  Now stagging the tracks ...
[2024-04-10T01:08:57.842+0000] {logging_mixin.py:188} INFO -  1989 (Taylor's Version) tracks stagged ... 
[2024-04-10T01:08:57.843+0000] {logging_mixin.py:188} INFO -  transforming 1989 (Taylor's Version) tracks data ... 
[2024-04-10T01:08:59.366+0000] {logging_mixin.py:188} INFO - GETTING ALBUMS TRACKS DATA
[2024-04-10T01:08:59.575+0000] {logging_mixin.py:188} INFO -  Now stagging the tracks ...
[2024-04-10T01:08:59.576+0000] {logging_mixin.py:188} INFO -  Speak Now (Taylor's Version) tracks stagged ... 
[2024-04-10T01:08:59.577+0000] {logging_mixin.py:188} INFO -  transforming Speak Now (Taylor's Version) tracks data ... 
[2024-04-10T01:09:05.245+0000] {logging_mixin.py:188} INFO - GETTING ALBUMS TRACKS DATA
[2024-04-10T01:09:05.473+0000] {logging_mixin.py:188} INFO -  Now stagging the tracks ...
[2024-04-10T01:09:05.474+0000] {logging_mixin.py:188} INFO -  Midnights (The Til Dawn Edition) tracks stagged ... 
[2024-04-10T01:09:05.475+0000] {logging_mixin.py:188} INFO -  transforming Midnights (The Til Dawn Edition) tracks data ... 
[2024-04-10T01:09:07.062+0000] {logging_mixin.py:188} INFO - GETTING ALBUMS TRACKS DATA
[2024-04-10T01:09:07.337+0000] {logging_mixin.py:188} INFO -  Now stagging the tracks ...
[2024-04-10T01:09:07.338+0000] {logging_mixin.py:188} INFO -  Midnights (3am Edition) tracks stagged ... 
[2024-04-10T01:09:07.338+0000] {logging_mixin.py:188} INFO -  transforming Midnights (3am Edition) tracks data ... 
[2024-04-10T01:09:16.211+0000] {logging_mixin.py:188} INFO - GETTING ALBUMS TRACKS DATA
[2024-04-10T01:09:16.435+0000] {logging_mixin.py:188} INFO -  Now stagging the tracks ...
[2024-04-10T01:09:16.435+0000] {logging_mixin.py:188} INFO -  Midnights tracks stagged ... 
[2024-04-10T01:09:16.436+0000] {logging_mixin.py:188} INFO -  transforming Midnights tracks data ... 
[2024-04-10T01:09:26.228+0000] {logging_mixin.py:188} INFO - GETTING ALBUMS TRACKS DATA
[2024-04-10T01:09:26.537+0000] {logging_mixin.py:188} INFO -  Now stagging the tracks ...
[2024-04-10T01:09:26.538+0000] {logging_mixin.py:188} INFO -  Red (Taylor's Version) tracks stagged ... 
[2024-04-10T01:09:26.538+0000] {logging_mixin.py:188} INFO -  transforming Red (Taylor's Version) tracks data ... 
[2024-04-10T01:09:36.392+0000] {logging_mixin.py:188} INFO - GETTING ALBUMS TRACKS DATA
[2024-04-10T01:09:44.773+0000] {logging_mixin.py:188} INFO -  Now stagging the tracks ...
[2024-04-10T01:09:44.775+0000] {logging_mixin.py:188} INFO -  Fearless (Taylor's Version) tracks stagged ... 
[2024-04-10T01:09:44.776+0000] {logging_mixin.py:188} INFO -  transforming Fearless (Taylor's Version) tracks data ... 
[2024-04-10T01:09:55.604+0000] {logging_mixin.py:188} INFO - GETTING ALBUMS TRACKS DATA
[2024-04-10T01:09:55.870+0000] {logging_mixin.py:188} INFO -  Now stagging the tracks ...
[2024-04-10T01:09:55.871+0000] {logging_mixin.py:188} INFO -  evermore (deluxe version) tracks stagged ... 
[2024-04-10T01:09:55.871+0000] {logging_mixin.py:188} INFO -  transforming evermore (deluxe version) tracks data ... 
[2024-04-10T01:09:57.669+0000] {logging_mixin.py:188} INFO - GETTING ALBUMS TRACKS DATA
[2024-04-10T01:09:57.883+0000] {logging_mixin.py:188} INFO -  Now stagging the tracks ...
[2024-04-10T01:09:57.884+0000] {logging_mixin.py:188} INFO -  evermore tracks stagged ... 
[2024-04-10T01:09:57.885+0000] {logging_mixin.py:188} INFO -  transforming evermore tracks data ... 
[2024-04-10T01:10:05.707+0000] {logging_mixin.py:188} INFO - DONE WITH Taylor Swift NOW MOVING TO NEXT ARTIST
[2024-04-10T01:10:05.930+0000] {logging_mixin.py:188} INFO - GETTING ARTISTS ALBUMS DATA
[2024-04-10T01:10:06.167+0000] {logging_mixin.py:188} INFO - j-hope has appeared on a total of 11 albums
[2024-04-10T01:10:06.171+0000] {logging_mixin.py:188} INFO -  Now stagging the albums ...
[2024-04-10T01:10:06.172+0000] {logging_mixin.py:188} INFO -  j-hope albums stagged ... 
[2024-04-10T01:10:06.173+0000] {logging_mixin.py:188} INFO -  transforming j-hope albums data ... 
[2024-04-10T01:10:06.173+0000] {logging_mixin.py:188} INFO - GETTING ALBUMS TRACKS DATA
[2024-04-10T01:10:06.389+0000] {logging_mixin.py:188} INFO -  Now stagging the tracks ...
[2024-04-10T01:10:06.390+0000] {logging_mixin.py:188} INFO -  Jack In The Box (HOPE Edition) tracks stagged ... 
[2024-04-10T01:10:06.391+0000] {logging_mixin.py:188} INFO -  transforming Jack In The Box (HOPE Edition) tracks data ... 
[2024-04-10T01:10:16.230+0000] {logging_mixin.py:188} INFO - GETTING ALBUMS TRACKS DATA
[2024-04-10T01:10:16.441+0000] {logging_mixin.py:188} INFO -  Now stagging the tracks ...
[2024-04-10T01:10:16.442+0000] {logging_mixin.py:188} INFO -  Jack In The Box tracks stagged ... 
[2024-04-10T01:10:16.442+0000] {logging_mixin.py:188} INFO -  transforming Jack In The Box tracks data ... 
[2024-04-10T01:10:25.277+0000] {logging_mixin.py:188} INFO - GETTING ALBUMS TRACKS DATA
[2024-04-10T01:10:25.471+0000] {logging_mixin.py:188} INFO -  Now stagging the tracks ...
[2024-04-10T01:10:25.471+0000] {logging_mixin.py:188} INFO -  Hope World tracks stagged ... 
[2024-04-10T01:10:25.472+0000] {logging_mixin.py:188} INFO -  transforming Hope World tracks data ... 
[2024-04-10T01:10:26.546+0000] {logging_mixin.py:188} INFO - GETTING ALBUMS TRACKS DATA
[2024-04-10T01:10:26.752+0000] {logging_mixin.py:188} INFO -  Now stagging the tracks ...
[2024-04-10T01:10:26.753+0000] {logging_mixin.py:188} INFO -  HOPE ON THE STREET VOL.1 tracks stagged ... 
[2024-04-10T01:10:26.753+0000] {logging_mixin.py:188} INFO -  transforming HOPE ON THE STREET VOL.1 tracks data ... 
[2024-04-10T01:10:27.713+0000] {logging_mixin.py:188} INFO - GETTING ALBUMS TRACKS DATA
[2024-04-10T01:10:27.892+0000] {logging_mixin.py:188} INFO -  Now stagging the tracks ...
[2024-04-10T01:10:27.893+0000] {logging_mixin.py:188} INFO -  on the street (with J. Cole) tracks stagged ... 
[2024-04-10T01:10:27.893+0000] {logging_mixin.py:188} INFO -  transforming on the street (with J. Cole) tracks data ... 
[2024-04-10T01:10:28.055+0000] {logging_mixin.py:188} INFO - GETTING ALBUMS TRACKS DATA
[2024-04-10T01:10:34.398+0000] {logging_mixin.py:188} INFO -  Now stagging the tracks ...
[2024-04-10T01:10:34.400+0000] {logging_mixin.py:188} INFO -  MORE tracks stagged ... 
[2024-04-10T01:10:34.400+0000] {logging_mixin.py:188} INFO -  transforming MORE tracks data ... 
[2024-04-10T01:10:35.691+0000] {logging_mixin.py:188} INFO - GETTING ALBUMS TRACKS DATA
[2024-04-10T01:10:35.886+0000] {logging_mixin.py:188} INFO -  Now stagging the tracks ...
[2024-04-10T01:10:35.887+0000] {logging_mixin.py:188} INFO -  Blue Side tracks stagged ... 
[2024-04-10T01:10:35.888+0000] {logging_mixin.py:188} INFO -  transforming Blue Side tracks data ... 
[2024-04-10T01:10:36.043+0000] {logging_mixin.py:188} INFO - GETTING ALBUMS TRACKS DATA
[2024-04-10T01:10:36.213+0000] {logging_mixin.py:188} INFO -  Now stagging the tracks ...
[2024-04-10T01:10:36.213+0000] {logging_mixin.py:188} INFO -  Chicken Noodle Soup (feat. Becky G) tracks stagged ... 
[2024-04-10T01:10:36.214+0000] {logging_mixin.py:188} INFO -  transforming Chicken Noodle Soup (feat. Becky G) tracks data ... 
[2024-04-10T01:10:36.379+0000] {logging_mixin.py:188} INFO - GETTING ALBUMS TRACKS DATA
[2024-04-10T01:10:36.598+0000] {logging_mixin.py:188} INFO -  Now stagging the tracks ...
[2024-04-10T01:10:36.599+0000] {logging_mixin.py:188} INFO -  D-DAY tracks stagged ... 
[2024-04-10T01:10:36.599+0000] {logging_mixin.py:188} INFO -  transforming D-DAY tracks data ... 
[2024-04-10T01:10:38.137+0000] {logging_mixin.py:188} INFO - GETTING ALBUMS TRACKS DATA
[2024-04-10T01:10:38.308+0000] {logging_mixin.py:188} INFO -  Now stagging the tracks ...
[2024-04-10T01:10:38.308+0000] {logging_mixin.py:188} INFO -  Rush Hour tracks stagged ... 
[2024-04-10T01:10:38.309+0000] {logging_mixin.py:188} INFO -  transforming Rush Hour tracks data ... 
[2024-04-10T01:10:38.466+0000] {logging_mixin.py:188} INFO - DONE WITH j-hope NOW MOVING TO NEXT ARTIST
[2024-04-10T01:10:38.660+0000] {logging_mixin.py:188} INFO - GETTING ARTISTS ALBUMS DATA
[2024-04-10T01:10:38.930+0000] {logging_mixin.py:188} INFO - Morgan Wallen has appeared on a total of 66 albums
[2024-04-10T01:10:38.931+0000] {logging_mixin.py:188} INFO -  Now stagging the albums ...
[2024-04-10T01:10:39.571+0000] {logging_mixin.py:188} INFO -  Morgan Wallen albums stagged ... 
[2024-04-10T01:10:39.572+0000] {logging_mixin.py:188} INFO -  transforming Morgan Wallen albums data ... 
[2024-04-10T01:10:39.572+0000] {logging_mixin.py:188} INFO - GETTING ALBUMS TRACKS DATA
[2024-04-10T01:10:45.076+0000] {logging_mixin.py:188} INFO -  Now stagging the tracks ...
[2024-04-10T01:10:45.077+0000] {logging_mixin.py:188} INFO -  Stand Alone (10th Anniversary Deluxe Edition) tracks stagged ... 
[2024-04-10T01:10:45.078+0000] {logging_mixin.py:188} INFO -  transforming Stand Alone (10th Anniversary Deluxe Edition) tracks data ... 
[2024-04-10T01:10:48.551+0000] {client.py:302} ERROR - Max Retries reached
[2024-04-10T01:10:48.552+0000] {taskinstance.py:2731} ERROR - Task failed with exception
Traceback (most recent call last):
  File "/home/airflow/.local/lib/python3.8/site-packages/requests/adapters.py", line 486, in send
    resp = conn.urlopen(
  File "/home/airflow/.local/lib/python3.8/site-packages/urllib3/connectionpool.py", line 894, in urlopen
    return self.urlopen(
  File "/home/airflow/.local/lib/python3.8/site-packages/urllib3/connectionpool.py", line 894, in urlopen
    return self.urlopen(
  File "/home/airflow/.local/lib/python3.8/site-packages/urllib3/connectionpool.py", line 894, in urlopen
    return self.urlopen(
  File "/home/airflow/.local/lib/python3.8/site-packages/urllib3/connectionpool.py", line 884, in urlopen
    retries = retries.increment(method, url, response=response, _pool=self)
  File "/home/airflow/.local/lib/python3.8/site-packages/urllib3/util/retry.py", line 592, in increment
    raise MaxRetryError(_pool, url, error or ResponseError(cause))
urllib3.exceptions.MaxRetryError: HTTPSConnectionPool(host='api.spotify.com', port=443): Max retries exceeded with url: /v1/audio-features/?ids=3rOskDqCjbWeCqFhgwuI5G (Caused by ResponseError('too many 429 error responses'))

During handling of the above exception, another exception occurred:

Traceback (most recent call last):
  File "/home/airflow/.local/lib/python3.8/site-packages/spotipy/client.py", line 266, in _internal_call
    response = self._session.request(
  File "/home/airflow/.local/lib/python3.8/site-packages/requests/sessions.py", line 589, in request
    resp = self.send(prep, **send_kwargs)
  File "/home/airflow/.local/lib/python3.8/site-packages/requests/sessions.py", line 703, in send
    r = adapter.send(request, **kwargs)
  File "/home/airflow/.local/lib/python3.8/site-packages/requests/adapters.py", line 510, in send
    raise RetryError(e, request=request)
requests.exceptions.RetryError: HTTPSConnectionPool(host='api.spotify.com', port=443): Max retries exceeded with url: /v1/audio-features/?ids=3rOskDqCjbWeCqFhgwuI5G (Caused by ResponseError('too many 429 error responses'))

During handling of the above exception, another exception occurred:

Traceback (most recent call last):
  File "/home/airflow/.local/lib/python3.8/site-packages/airflow/models/taskinstance.py", line 444, in _execute_task
    result = _execute_callable(context=context, **execute_callable_kwargs)
  File "/home/airflow/.local/lib/python3.8/site-packages/airflow/models/taskinstance.py", line 414, in _execute_callable
    return execute_callable(context=context, **execute_callable_kwargs)
  File "/home/airflow/.local/lib/python3.8/site-packages/airflow/operators/python.py", line 200, in execute
    return_value = self.execute_callable()
  File "/home/airflow/.local/lib/python3.8/site-packages/airflow/operators/python.py", line 217, in execute_callable
    return self.python_callable(*self.op_args, **self.op_kwargs)
  File "/opt/airflow/dags/billboard_to_spotify_to_csvs_to_s3.py", line 156, in Spotify_to_CSV
    track_features = sp.audio_features(track['uri'])
  File "/home/airflow/.local/lib/python3.8/site-packages/spotipy/client.py", line 1734, in audio_features
    results = self._get("audio-features/?ids=" + trackid)
  File "/home/airflow/.local/lib/python3.8/site-packages/spotipy/client.py", line 323, in _get
    return self._internal_call("GET", url, payload, kwargs)
  File "/home/airflow/.local/lib/python3.8/site-packages/spotipy/client.py", line 307, in _internal_call
    raise SpotifyException(
spotipy.exceptions.SpotifyException: http status: 429, code:-1 - /v1/audio-features/?ids=3rOskDqCjbWeCqFhgwuI5G:
 Max Retries, reason: too many 429 error responses
[2024-04-10T01:10:48.563+0000] {taskinstance.py:1149} INFO - Marking task as UP_FOR_RETRY. dag_id=billboard_to_spotify_to_s3_extractionV1, task_id=sptoify_to_csv, execution_date=20240330T000000, start_date=20240410T010812, end_date=20240410T011048
[2024-04-10T01:10:48.575+0000] {standard_task_runner.py:107} ERROR - Failed to execute job 1599 for task sptoify_to_csv (http status: 429, code:-1 - /v1/audio-features/?ids=3rOskDqCjbWeCqFhgwuI5G:
 Max Retries, reason: too many 429 error responses; 86)
[2024-04-10T01:10:48.593+0000] {local_task_job_runner.py:234} INFO - Task exited with return code 1
[2024-04-10T01:10:48.616+0000] {taskinstance.py:3312} INFO - 0 downstream tasks scheduled from follow-on schedule check
